2025-10-21 16:06:54.768 - DBeaver 25.2.2.202510052342 is starting
2025-10-21 16:06:54.771 - OS: Windows 10 10.0 (amd64)
2025-10-21 16:06:54.771 - Java version: 21.0.8 by Eclipse Adoptium (64bit)
2025-10-21 16:06:54.771 - Install path: 'C:\Users\C403\AppData\Local\DBeaver'
2025-10-21 16:06:54.772 - Instance path: 'file:/C:/Users/C403/AppData/Roaming/DBeaverData/workspace6/'
2025-10-21 16:06:54.774 - Memory available 64Mb/1024Mb
2025-10-21 16:06:54.798 - Create display
2025-10-21 16:06:54.996 - Initialize desktop platform...
2025-10-21 16:06:55.306 - BounceCastle bundle found. Use JCE provider BC
> Start Core File Systems [org.eclipse.core.filesystem 1.11.300.v20250607-0645]
> Start Core Resource Management [org.eclipse.core.resources 3.23.0.v20250729-1759]
> Start Team Support Core [org.eclipse.team.core 3.10.800.v20250610-0708]
> Start DBeaver UI Navigator [org.jkiss.dbeaver.ui.navigator 1.0.164.202510052342]
2025-10-21 16:06:55.653 - Initialize base platform...
2025-10-21 16:06:55.695 - send collected statistics
2025-10-21 16:06:55.707 - Platform initialized (712ms)
2025-10-21 16:06:55.952 - Starting instance server at http://localhost:57645
2025-10-21 16:06:55.970 - Run workbench
> Start Eclipse e4 Workbench SWT [org.eclipse.e4.ui.workbench.swt 0.17.900.v20250612-1000]
> Start Eclipse Application Services [org.eclipse.e4.core.services 2.5.200.v20250326-1945]
> Start Eclipse UI Application Services [org.eclipse.e4.ui.services 1.6.500.v20250123-0754]
> Start Eclipse e4 Progress View [org.eclipse.e4.ui.progress 0.4.800.v20250422-1254]
> Start Eclipse Bindings Support [org.eclipse.e4.ui.bindings 0.14.700.v20250612-1000]
> Start Eclipse e4 core commands [org.eclipse.e4.core.commands 1.1.600.v20250307-1331]
> Start EMF XML/XMI Persistence [org.eclipse.emf.ecore.xmi 2.39.0.v20250414-1351]
> Start Eclipse CSS SWT Theme Support [org.eclipse.e4.ui.css.swt.theme 0.14.500.v20250213-1508]
> Start Eclipse e4 Workbench Add-ons [org.eclipse.e4.ui.workbench.addons.swt 1.5.800.v20250701-0653]
> Start Eclipse e4 Workbench SWT Renderer [org.eclipse.e4.ui.workbench.renderers.swt 0.16.900.v20250828-1028]
> Start Eclipse Dependency Injection Extensions [org.eclipse.e4.core.di.extensions 0.18.300.v20240413-1529]
> Start DBeaver AI Model [org.jkiss.dbeaver.model.ai 2.0.7.202510052342]
> Start DBeaver AI UI [org.jkiss.dbeaver.ui.ai 1.0.66.202510052342]
> Start Eclipse CSS SWT Support [org.eclipse.e4.ui.css.swt 0.15.600.v20250409-1135]
> Start Default Text Editor [org.eclipse.ui.editors 3.20.100.v20250814-1056]
> Start Text Editor Framework [org.eclipse.ui.workbench.texteditor 3.19.300.v20250815-0722]
2025-10-21 16:06:58.624 - Configure workbench window
> Start DBeaver SQL Model [org.jkiss.dbeaver.model.sql 1.0.154.202510052342]
2025-10-21 16:06:58.847 - Total database drivers: 128 (128)
> Start Help System Core [org.eclipse.help 3.10.600.v20250613-0437]
2025-10-21 16:06:58.954 - Create actions
2025-10-21 16:06:58.970 - Disable Eclipse action set 'org.eclipse.ui.edit.text.actionSet.annotationNavigation'
2025-10-21 16:06:58.971 - Disable Eclipse action set 'org.eclipse.ui.WorkingSetActionSet'
2025-10-21 16:06:58.971 - Disable Eclipse action set 'org.eclipse.ui.actionSet.openFiles'
2025-10-21 16:06:58.972 - Create workbench actions
2025-10-21 16:07:00.175 - Initialize workbench window
2025-10-21 16:07:00.186 - Finish initialization
> Start DBeaver UI Editors - Data [org.jkiss.dbeaver.ui.editors.data 1.0.164.202510052342]
> Start DBeaver UI Editors - SQL [org.jkiss.dbeaver.ui.editors.sql 1.0.164.202510052342]
> Start DBeaver SQL Terminal [org.jkiss.dbeaver.ui.editors.sql.terminal 1.0.140.202510052342]
> Start Equinox Java Authentication and Authorization Service (JAAS) [org.eclipse.equinox.security 1.4.700.v20250622-1644]
> Start Internet Connection Management UI [org.eclipse.ui.net 1.5.500.v20250611-0855]
> Start Internet Connection Management [org.eclipse.core.net 1.5.800.v20250613-1119]
> Start DBeaver Sample Database [org.jkiss.dbeaver.ui.config.sample 1.0.201.202510052342]
2025-10-21 16:07:03.453 - Open [https://dbeaver.io/product/version.xml]
> Start DBeaver Dashboard UI [org.jkiss.dbeaver.ui.dashboard 1.0.161.202510052342]
> Start GEF Classic Draw2d [org.eclipse.draw2d 3.20.100.202508011427]
> Start GEF Classic GEF (MVC) [org.eclipse.gef 3.23.0.202507261623]
> Start DBeaver ERD UI [org.jkiss.dbeaver.ui.editors.erd 3.1.5.202510052342]
> Start DBeaver ERD Model [org.jkiss.dbeaver.model.erd 1.1.5.202510052342]
> Start DBeaver JDBC Model [org.jkiss.dbeaver.model.jdbc 1.0.57.202510052342]
> Start DBeaver MySQL Support [org.jkiss.dbeaver.ext.mysql 2.1.249.202510052342]
> Start Console [org.eclipse.ui.console 3.14.400.v20250607-0653]
> Start Debug Core [org.eclipse.debug.core 3.23.100.v20250811-0711]
> Start DBeaver SQL Language Semantic Model [org.jkiss.dbeaver.model.lsm 1.0.59.202510052342]
> Start DBeaver Tasks - Native Tools UI [org.jkiss.dbeaver.tasks.native.ui 1.0.142.202510052342]
> Start DBeaver MySQL UI Support [org.jkiss.dbeaver.ext.mysql.ui 1.0.156.202510052342]
> Start DBeaver Tasks - General UI [org.jkiss.dbeaver.tasks.ui 1.0.142.202510052342]
2025-10-21 16:07:05.863 - Connect with 'localhost' (mysql8-19970a88e0f-22c2222a201f7f16)
2025-10-21 16:07:05.928 - Execution context opened (localhost; Main; 0)
> Start DBeaver GIS Support [org.jkiss.dbeaver.data.gis 1.0.188.202510052342]
2025-10-21 16:07:07.076 - Execution context opened (localhost; Metadata; 1)
2025-10-21 16:07:07.242 - Connected (mysql8-19970a88e0f-22c2222a201f7f16, MySQL Connector/J [mysql-connector-j-8.2.0 (Revision: 06a1f724497fd81c6a659131fda822c9e5085b6c)])
2025-10-21 16:07:07.344 - Execution context opened (localhost; SQLEditor <Script-10.sql>; 2)
2025-10-21 16:07:37.117 - Execution context closed (localhost, 2)
2025-10-21 16:09:44.945 - Execution context opened (localhost; SQLEditor <Script-10.sql>; 3)
2025-10-21 16:10:02.279 - Datasource mysql8-1997062c0ac-925bf8f3988f20d not found in project General (/General/Scripts/Script.sql)
2025-10-21 16:10:05.697 - Execution context closed (localhost, 3)
2025-10-21 16:10:50.616 - Execution context opened (localhost; SQLEditor <Script-11.sql>; 4)
2025-10-21 16:10:50.829 - Datasource mysql8-1997062c0ac-925bf8f3988f20d not found in project General (/General/Scripts/Script.sql)
2025-10-21 16:10:50.832 - Datasource mysql8-1997062c0ac-925bf8f3988f20d not found in project General (/General/Scripts/Script.sql)
> Start DBeaver Data Transfer [org.jkiss.dbeaver.data.transfer 2.0.148.202510052342]
2025-10-21 16:12:00.183 - Datasource mysql8-1997062c0ac-925bf8f3988f20d not found in project General (/General/Scripts/Script.sql)
2025-10-21 16:12:00.196 - Datasource mysql8-1997062c0ac-925bf8f3988f20d not found in project General (/General/Scripts/Script.sql)
2025-10-21 16:12:00.207 - Datasource mysql8-1997062c0ac-925bf8f3988f20d not found in project General (/General/Scripts/Script.sql)
2025-10-21 16:12:00.218 - Datasource mysql8-1997062c0ac-925bf8f3988f20d not found in project General (/General/Scripts/Script.sql)
2025-10-21 16:13:08.580 - Object 'simple_bbs' not found in struct cache ()
2025-10-21 16:13:08.580 - Object 'simple_bbs' not found in struct cache ()
2025-10-21 16:13:08.581 - Object 'simple_bbs' not found in struct cache ()
2025-10-21 16:13:08.581 - Object 'simple_bbs' not found in struct cache ()
2025-10-21 16:13:08.584 - Object 'simple_bbs' not found in struct cache ()
2025-10-21 16:13:08.585 - Object 'simple_bbs' not found in struct cache ()
2025-10-21 16:13:08.585 - Object 'simple_bbs' not found in struct cache ()
2025-10-21 16:13:08.585 - Object 'simple_bbs' not found in struct cache ()
2025-10-21 16:13:08.589 - Object 'PRIMARY' owner 'simple_bbs' not found
2025-10-21 16:13:08.592 - Object 'simple_bbs' not found in struct cache ()
2025-10-21 16:13:08.592 - Object 'simple_bbs' not found in struct cache ()
2025-10-21 16:13:08.593 - Object 'simple_bbs' not found in struct cache ()
2025-10-21 16:13:08.593 - Object 'simple_bbs' not found in struct cache ()
2025-10-21 16:13:23.181 - Datasource mysql8-1997062c0ac-925bf8f3988f20d not found in project General (/General/Scripts/Script.sql)
2025-10-21 16:13:23.183 - Datasource mysql8-1997062c0ac-925bf8f3988f20d not found in project General (/General/Scripts/Script.sql)
2025-10-21 16:13:23.194 - Execution context opened (localhost; SQLEditor <Script-12.sql>; 5)
2025-10-21 16:13:23.346 - Object 'simple_bbs' not found in struct cache ()
2025-10-21 16:13:23.346 - Object 'simple_bbs' not found in struct cache ()
2025-10-21 16:13:23.347 - Object 'simple_bbs' not found in struct cache ()
2025-10-21 16:13:23.347 - Object 'simple_bbs' not found in struct cache ()
2025-10-21 16:13:23.350 - Object 'simple_bbs' not found in struct cache ()
2025-10-21 16:13:23.351 - Object 'simple_bbs' not found in struct cache ()
2025-10-21 16:13:23.351 - Object 'simple_bbs' not found in struct cache ()
2025-10-21 16:13:23.351 - Object 'simple_bbs' not found in struct cache ()
2025-10-21 16:13:23.354 - Object 'PRIMARY' owner 'simple_bbs' not found
2025-10-21 16:13:23.357 - Object 'simple_bbs' not found in struct cache ()
2025-10-21 16:13:23.358 - Object 'simple_bbs' not found in struct cache ()
2025-10-21 16:13:23.358 - Object 'simple_bbs' not found in struct cache ()
2025-10-21 16:13:23.358 - Object 'simple_bbs' not found in struct cache ()
2025-10-21 16:13:39.661 - Datasource mysql8-1997062c0ac-925bf8f3988f20d not found in project General (/General/Scripts/Script.sql)
2025-10-21 16:13:39.673 - Datasource mysql8-1997062c0ac-925bf8f3988f20d not found in project General (/General/Scripts/Script.sql)
2025-10-21 16:13:39.683 - Datasource mysql8-1997062c0ac-925bf8f3988f20d not found in project General (/General/Scripts/Script.sql)
2025-10-21 16:13:39.693 - Datasource mysql8-1997062c0ac-925bf8f3988f20d not found in project General (/General/Scripts/Script.sql)
2025-10-21 16:13:52.933 - Datasource mysql8-1997062c0ac-925bf8f3988f20d not found in project General (/General/Scripts/Script.sql)
2025-10-21 16:13:52.945 - Datasource mysql8-1997062c0ac-925bf8f3988f20d not found in project General (/General/Scripts/Script.sql)
2025-10-21 16:13:52.958 - Datasource mysql8-1997062c0ac-925bf8f3988f20d not found in project General (/General/Scripts/Script.sql)
2025-10-21 16:13:52.970 - Datasource mysql8-1997062c0ac-925bf8f3988f20d not found in project General (/General/Scripts/Script.sql)
2025-10-21 16:14:02.976 - Execution context opened (localhost; SQLEditor <Script-13.sql>; 6)
2025-10-21 16:14:03.039 - Datasource mysql8-1997062c0ac-925bf8f3988f20d not found in project General (/General/Scripts/Script.sql)
2025-10-21 16:14:03.041 - Datasource mysql8-1997062c0ac-925bf8f3988f20d not found in project General (/General/Scripts/Script.sql)
2025-10-21 16:14:03.153 - Object 'simple_bbs' not found in struct cache ()
2025-10-21 16:14:03.153 - Object 'simple_bbs' not found in struct cache ()
2025-10-21 16:14:03.153 - Object 'simple_bbs' not found in struct cache ()
2025-10-21 16:14:03.153 - Object 'simple_bbs' not found in struct cache ()
2025-10-21 16:14:03.156 - Object 'simple_bbs' not found in struct cache ()
2025-10-21 16:14:03.157 - Object 'simple_bbs' not found in struct cache ()
2025-10-21 16:14:03.157 - Object 'simple_bbs' not found in struct cache ()
2025-10-21 16:14:03.158 - Object 'simple_bbs' not found in struct cache ()
2025-10-21 16:14:03.164 - Object 'PRIMARY' owner 'simple_bbs' not found
2025-10-21 16:14:03.176 - Object 'simple_bbs' not found in struct cache ()
2025-10-21 16:14:03.176 - Object 'simple_bbs' not found in struct cache ()
2025-10-21 16:14:03.176 - Object 'simple_bbs' not found in struct cache ()
2025-10-21 16:14:03.176 - Object 'simple_bbs' not found in struct cache ()
2025-10-21 16:14:07.537 - Datasource mysql8-1997062c0ac-925bf8f3988f20d not found in project General (/General/Scripts/Script.sql)
2025-10-21 16:14:07.550 - Datasource mysql8-1997062c0ac-925bf8f3988f20d not found in project General (/General/Scripts/Script.sql)
2025-10-21 16:14:07.562 - Datasource mysql8-1997062c0ac-925bf8f3988f20d not found in project General (/General/Scripts/Script.sql)
2025-10-21 16:14:07.573 - Datasource mysql8-1997062c0ac-925bf8f3988f20d not found in project General (/General/Scripts/Script.sql)
2025-10-21 16:14:17.687 - Object 'simple_bbs' not found in struct cache ()
2025-10-21 16:14:17.687 - Object 'simple_bbs' not found in struct cache ()
2025-10-21 16:14:17.688 - Object 'simple_bbs' not found in struct cache ()
2025-10-21 16:14:17.688 - Object 'simple_bbs' not found in struct cache ()
2025-10-21 16:14:17.691 - Object 'simple_bbs' not found in struct cache ()
2025-10-21 16:14:17.691 - Object 'simple_bbs' not found in struct cache ()
2025-10-21 16:14:17.692 - Object 'simple_bbs' not found in struct cache ()
2025-10-21 16:14:17.692 - Object 'simple_bbs' not found in struct cache ()
2025-10-21 16:14:17.700 - Object 'PRIMARY' owner 'simple_bbs' not found
2025-10-21 16:14:17.715 - Object 'simple_bbs' not found in struct cache ()
2025-10-21 16:14:17.715 - Object 'simple_bbs' not found in struct cache ()
2025-10-21 16:14:17.715 - Object 'simple_bbs' not found in struct cache ()
2025-10-21 16:14:17.715 - Object 'simple_bbs' not found in struct cache ()
2025-10-21 16:14:23.512 - Execution context closed (localhost, 5)
2025-10-21 16:14:23.632 - Datasource mysql8-1997062c0ac-925bf8f3988f20d not found in project General (/General/Scripts/Script.sql)
2025-10-21 16:14:23.634 - Datasource mysql8-1997062c0ac-925bf8f3988f20d not found in project General (/General/Scripts/Script.sql)
2025-10-21 16:14:25.184 - Execution context closed (localhost, 4)
2025-10-21 16:14:25.240 - Datasource mysql8-1997062c0ac-925bf8f3988f20d not found in project General (/General/Scripts/Script.sql)
2025-10-21 16:15:12.407 - Datasource mysql8-1997062c0ac-925bf8f3988f20d not found in project General (/General/Scripts/Script.sql)
2025-10-21 16:15:12.416 - Datasource mysql8-1997062c0ac-925bf8f3988f20d not found in project General (/General/Scripts/Script.sql)
2025-10-21 16:15:16.936 - Datasource mysql8-1997062c0ac-925bf8f3988f20d not found in project General (/General/Scripts/Script.sql)
2025-10-21 16:15:16.943 - Datasource mysql8-1997062c0ac-925bf8f3988f20d not found in project General (/General/Scripts/Script.sql)
2025-10-21 16:15:22.258 - Datasource mysql8-1997062c0ac-925bf8f3988f20d not found in project General (/General/Scripts/Script.sql)
2025-10-21 16:15:22.269 - Datasource mysql8-1997062c0ac-925bf8f3988f20d not found in project General (/General/Scripts/Script.sql)
2025-10-21 16:15:22.279 - Datasource mysql8-1997062c0ac-925bf8f3988f20d not found in project General (/General/Scripts/Script.sql)
2025-10-21 16:15:22.288 - Datasource mysql8-1997062c0ac-925bf8f3988f20d not found in project General (/General/Scripts/Script.sql)
2025-10-21 16:15:24.956 - Datasource mysql8-1997062c0ac-925bf8f3988f20d not found in project General (/General/Scripts/Script.sql)
2025-10-21 16:15:24.961 - Datasource mysql8-1997062c0ac-925bf8f3988f20d not found in project General (/General/Scripts/Script.sql)
2025-10-21 16:15:24.970 - Execution context opened (localhost; SQLEditor <Script-11.sql>; 7)
2025-10-21 16:15:27.019 - Datasource mysql8-1997062c0ac-925bf8f3988f20d not found in project General (/General/Scripts/Script.sql)
2025-10-21 16:15:27.039 - Datasource mysql8-1997062c0ac-925bf8f3988f20d not found in project General (/General/Scripts/Script.sql)
2025-10-21 16:15:27.050 - Datasource mysql8-1997062c0ac-925bf8f3988f20d not found in project General (/General/Scripts/Script.sql)
2025-10-21 16:15:27.061 - Datasource mysql8-1997062c0ac-925bf8f3988f20d not found in project General (/General/Scripts/Script.sql)
2025-10-21 16:15:28.379 - Delete empty SQL script '\General\Scripts\Script-13.sql'
2025-10-21 16:15:28.388 - Execution context closed (localhost, 6)
2025-10-21 16:15:28.490 - Datasource mysql8-1997062c0ac-925bf8f3988f20d not found in project General (/General/Scripts/Script.sql)
2025-10-21 16:15:28.501 - Datasource mysql8-1997062c0ac-925bf8f3988f20d not found in project General (/General/Scripts/Script.sql)
2025-10-21 16:15:28.503 - Datasource mysql8-1997062c0ac-925bf8f3988f20d not found in project General (/General/Scripts/Script.sql)
2025-10-21 16:23:35.990 - Datasource mysql8-1997062c0ac-925bf8f3988f20d not found in project General (/General/Scripts/Script.sql)
2025-10-21 16:23:36.005 - Datasource mysql8-1997062c0ac-925bf8f3988f20d not found in project General (/General/Scripts/Script.sql)
2025-10-21 16:23:56.972 - Datasource mysql8-1997062c0ac-925bf8f3988f20d not found in project General (/General/Scripts/Script.sql)
2025-10-21 16:23:57.000 - Datasource mysql8-1997062c0ac-925bf8f3988f20d not found in project General (/General/Scripts/Script.sql)
2025-10-21 16:23:58.280 - Datasource mysql8-1997062c0ac-925bf8f3988f20d not found in project General (/General/Scripts/Script.sql)
2025-10-21 16:23:58.297 - Datasource mysql8-1997062c0ac-925bf8f3988f20d not found in project General (/General/Scripts/Script.sql)
2025-10-21 16:23:58.307 - Datasource mysql8-1997062c0ac-925bf8f3988f20d not found in project General (/General/Scripts/Script.sql)
2025-10-21 16:23:58.318 - Datasource mysql8-1997062c0ac-925bf8f3988f20d not found in project General (/General/Scripts/Script.sql)
2025-10-21 16:24:00.488 - Datasource mysql8-1997062c0ac-925bf8f3988f20d not found in project General (/General/Scripts/Script.sql)
2025-10-21 16:24:00.502 - Datasource mysql8-1997062c0ac-925bf8f3988f20d not found in project General (/General/Scripts/Script.sql)
2025-10-21 16:24:00.515 - Datasource mysql8-1997062c0ac-925bf8f3988f20d not found in project General (/General/Scripts/Script.sql)
2025-10-21 16:24:00.525 - Datasource mysql8-1997062c0ac-925bf8f3988f20d not found in project General (/General/Scripts/Script.sql)
2025-10-21 16:24:01.808 - Datasource mysql8-1997062c0ac-925bf8f3988f20d not found in project General (/General/Scripts/Script.sql)
2025-10-21 16:24:01.817 - Datasource mysql8-1997062c0ac-925bf8f3988f20d not found in project General (/General/Scripts/Script.sql)
2025-10-21 16:24:01.826 - Datasource mysql8-1997062c0ac-925bf8f3988f20d not found in project General (/General/Scripts/Script.sql)
2025-10-21 16:24:01.837 - Datasource mysql8-1997062c0ac-925bf8f3988f20d not found in project General (/General/Scripts/Script.sql)
2025-10-21 16:24:03.037 - Datasource mysql8-1997062c0ac-925bf8f3988f20d not found in project General (/General/Scripts/Script.sql)
2025-10-21 16:24:03.054 - Datasource mysql8-1997062c0ac-925bf8f3988f20d not found in project General (/General/Scripts/Script.sql)
2025-10-21 16:24:03.068 - Datasource mysql8-1997062c0ac-925bf8f3988f20d not found in project General (/General/Scripts/Script.sql)
2025-10-21 16:24:03.077 - Datasource mysql8-1997062c0ac-925bf8f3988f20d not found in project General (/General/Scripts/Script.sql)
2025-10-21 16:24:04.894 - Datasource mysql8-1997062c0ac-925bf8f3988f20d not found in project General (/General/Scripts/Script.sql)
2025-10-21 16:24:04.904 - Datasource mysql8-1997062c0ac-925bf8f3988f20d not found in project General (/General/Scripts/Script.sql)
2025-10-21 16:24:04.914 - Datasource mysql8-1997062c0ac-925bf8f3988f20d not found in project General (/General/Scripts/Script.sql)
2025-10-21 16:24:04.924 - Datasource mysql8-1997062c0ac-925bf8f3988f20d not found in project General (/General/Scripts/Script.sql)
2025-10-21 16:24:08.911 - Datasource mysql8-1997062c0ac-925bf8f3988f20d not found in project General (/General/Scripts/Script.sql)
