2025-09-29 16:42:24.060 - DBeaver 25.2.1.202509211659 is starting
2025-09-29 16:42:24.062 - OS: Windows 10 10.0 (amd64)
2025-09-29 16:42:24.063 - Java version: 21.0.8 by Eclipse Adoptium (64bit)
2025-09-29 16:42:24.063 - Install path: 'C:\Users\C403\AppData\Local\DBeaver'
2025-09-29 16:42:24.063 - Instance path: 'file:/C:/Users/C403/AppData/Roaming/DBeaverData/workspace6/'
2025-09-29 16:42:24.065 - Memory available 64Mb/1024Mb
2025-09-29 16:42:24.076 - Create display
2025-09-29 16:42:24.192 - Initialize desktop platform...
2025-09-29 16:42:24.357 - BounceCastle bundle found. Use JCE provider BC
> Start Core File Systems [org.eclipse.core.filesystem 1.11.200.v20250513-1234]
> Start Core Resource Management [org.eclipse.core.resources 3.22.200.v20250513-1234]
> Start Team Support Core [org.eclipse.team.core 3.10.700.v20250313-0656]
> Start DBeaver UI Navigator [org.jkiss.dbeaver.ui.navigator 1.0.163.202509211659]
2025-09-29 16:42:24.565 - Initialize base platform...
2025-09-29 16:42:24.595 - send collected statistics
2025-09-29 16:42:24.605 - Platform initialized (413ms)
2025-09-29 16:42:24.778 - Starting instance server at http://localhost:59006
2025-09-29 16:42:24.785 - Run workbench
> Start Eclipse e4 Workbench SWT [org.eclipse.e4.ui.workbench.swt 0.17.800.v20250422-1254]
> Start Eclipse Application Services [org.eclipse.e4.core.services 2.5.200.v20250326-1945]
> Start Eclipse UI Application Services [org.eclipse.e4.ui.services 1.6.500.v20250123-0754]
> Start Eclipse e4 Progress View [org.eclipse.e4.ui.progress 0.4.800.v20250422-1254]
> Start Eclipse Bindings Support [org.eclipse.e4.ui.bindings 0.14.600.v20250331-1050]
> Start Eclipse e4 core commands [org.eclipse.e4.core.commands 1.1.600.v20250307-1331]
> Start EMF XML/XMI Persistence [org.eclipse.emf.ecore.xmi 2.39.0.v20250414-1351]
> Start Eclipse CSS SWT Theme Support [org.eclipse.e4.ui.css.swt.theme 0.14.500.v20250213-1508]
> Start Eclipse e4 Workbench Add-ons [org.eclipse.e4.ui.workbench.addons.swt 1.5.700.v20250422-1254]
> Start Eclipse e4 Workbench SWT Renderer [org.eclipse.e4.ui.workbench.renderers.swt 0.16.800.v20250519-1609]
> Start Eclipse Dependency Injection Extensions [org.eclipse.e4.core.di.extensions 0.18.300.v20240413-1529]
> Start DBeaver AI Model [org.jkiss.dbeaver.model.ai 2.0.6.202509211659]
> Start DBeaver AI UI [org.jkiss.dbeaver.ui.ai 1.0.65.202509211659]
> Start Eclipse CSS SWT Support [org.eclipse.e4.ui.css.swt 0.15.600.v20250409-1135]
> Start Default Text Editor [org.eclipse.ui.editors 3.20.0.v20250514-1719]
> Start Text Editor Framework [org.eclipse.ui.workbench.texteditor 3.19.200.v20250514-1719]
2025-09-29 16:42:26.673 - Configure workbench window
> Start DBeaver SQL Model [org.jkiss.dbeaver.model.sql 1.0.153.202509211659]
2025-09-29 16:42:26.852 - Total database drivers: 128 (128)
> Start Help System Core [org.eclipse.help 3.10.500.v20250423-1201]
2025-09-29 16:42:26.956 - Create actions
2025-09-29 16:42:26.967 - Disable Eclipse action set 'org.eclipse.ui.edit.text.actionSet.annotationNavigation'
2025-09-29 16:42:26.968 - Disable Eclipse action set 'org.eclipse.ui.WorkingSetActionSet'
2025-09-29 16:42:26.968 - Disable Eclipse action set 'org.eclipse.ui.actionSet.openFiles'
2025-09-29 16:42:26.969 - Create workbench actions
2025-09-29 16:42:27.714 - Initialize workbench window
2025-09-29 16:42:27.721 - Finish initialization
> Start DBeaver UI Editors - Data [org.jkiss.dbeaver.ui.editors.data 1.0.163.202509211659]
> Start DBeaver UI Editors - SQL [org.jkiss.dbeaver.ui.editors.sql 1.0.163.202509211659]
> Start DBeaver SQL Terminal [org.jkiss.dbeaver.ui.editors.sql.terminal 1.0.139.202509211659]
> Start Equinox Java Authentication and Authorization Service (JAAS) [org.eclipse.equinox.security 1.4.600.v20250521-0413]
> Start Internet Connection Management UI [org.eclipse.ui.net 1.5.400.v20240413-1529]
> Start Internet Connection Management [org.eclipse.core.net 1.5.700.v20250313-0656]
> Start DBeaver Sample Database [org.jkiss.dbeaver.ui.config.sample 1.0.200.202509211659]
> Start DBeaver Dashboard UI [org.jkiss.dbeaver.ui.dashboard 1.0.160.202509211659]
> Start GEF Classic Draw2d [org.eclipse.draw2d 3.20.0.202505280821]
> Start GEF Classic GEF (MVC) [org.eclipse.gef 3.22.0.202505280821]
> Start DBeaver ERD UI [org.jkiss.dbeaver.ui.editors.erd 3.1.4.202509211659]
> Start DBeaver ERD Model [org.jkiss.dbeaver.model.erd 1.1.4.202509211659]
> Start DBeaver JDBC Model [org.jkiss.dbeaver.model.jdbc 1.0.56.202509211659]
> Start DBeaver MySQL Support [org.jkiss.dbeaver.ext.mysql 2.1.248.202509211659]
> Start Console [org.eclipse.ui.console 3.14.300.v20250509-1251]
> Start Debug Core [org.eclipse.debug.core 3.23.0.v20250509-1924]
> Start DBeaver Tasks - Native Tools UI [org.jkiss.dbeaver.tasks.native.ui 1.0.141.202509211659]
> Start DBeaver MySQL UI Support [org.jkiss.dbeaver.ext.mysql.ui 1.0.155.202509211659]
> Start DBeaver Tasks - General UI [org.jkiss.dbeaver.tasks.ui 1.0.141.202509211659]
> Start DBeaver SQL Language Semantic Model [org.jkiss.dbeaver.model.lsm 1.0.58.202509211659]
2025-09-29 16:42:31.274 - Connect with 'localhost' (mysql8-19970a88e0f-22c2222a201f7f16)
2025-09-29 16:42:31.305 - Execution context opened (localhost; Main; 0)
> Start DBeaver GIS Support [org.jkiss.dbeaver.data.gis 1.0.187.202509211659]
2025-09-29 16:42:31.883 - Execution context opened (localhost; Metadata; 1)
2025-09-29 16:42:32.016 - Connected (mysql8-19970a88e0f-22c2222a201f7f16, MySQL Connector/J [mysql-connector-j-8.2.0 (Revision: 06a1f724497fd81c6a659131fda822c9e5085b6c)])
2025-09-29 16:42:32.074 - Execution context opened (localhost; SQLEditor <Script-8.sql>; 2)
2025-09-29 16:43:33.351 - Direct database rename is not yet implemented in MySQL. You should use export/import functions for that.
org.jkiss.dbeaver.DBException: Direct database rename is not yet implemented in MySQL. You should use export/import functions for that.
	at org.jkiss.dbeaver.ext.mysql.edit.MySQLDatabaseManager.renameObject(MySQLDatabaseManager.java:100)
	at org.jkiss.dbeaver.ext.mysql.edit.MySQLDatabaseManager.renameObject(MySQLDatabaseManager.java:1)
	at org.jkiss.dbeaver.ui.navigator.actions.NavigatorHandlerObjectRename.renameDatabaseObject(NavigatorHandlerObjectRename.java:128)
	at org.jkiss.dbeaver.ui.navigator.actions.NavigatorHandlerObjectRename.renameNode(NavigatorHandlerObjectRename.java:103)
	at org.jkiss.dbeaver.ui.navigator.actions.NavigatorHandlerObjectRename.execute(NavigatorHandlerObjectRename.java:62)
	at org.eclipse.ui.internal.handlers.HandlerProxy.execute(HandlerProxy.java:277)
	at org.eclipse.ui.internal.handlers.E4HandlerProxy.execute(E4HandlerProxy.java:98)
	at java.base/jdk.internal.reflect.DirectMethodHandleAccessor.invoke(Unknown Source)
	at java.base/java.lang.reflect.Method.invoke(Unknown Source)
	at org.eclipse.e4.core.internal.di.MethodRequestor.execute(MethodRequestor.java:56)
	at org.eclipse.e4.core.internal.di.InjectorImpl.invokeUsingClass(InjectorImpl.java:299)
	at org.eclipse.e4.core.internal.di.InjectorImpl.invoke(InjectorImpl.java:233)
	at org.eclipse.e4.core.contexts.ContextInjectionFactory.invoke(ContextInjectionFactory.java:174)
	at org.eclipse.e4.core.commands.internal.HandlerServiceHandler.execute(HandlerServiceHandler.java:165)
	at org.eclipse.core.commands.Command.executeWithChecks(Command.java:488)
	at org.eclipse.core.commands.ParameterizedCommand.executeWithChecks(ParameterizedCommand.java:485)
	at org.eclipse.e4.core.commands.internal.HandlerServiceImpl.executeHandler(HandlerServiceImpl.java:204)
	at org.eclipse.e4.ui.workbench.renderers.swt.HandledContributionItem.executeItem(HandledContributionItem.java:444)
	at org.eclipse.e4.ui.workbench.renderers.swt.AbstractContributionItem.handleWidgetSelection(AbstractContributionItem.java:475)
	at org.eclipse.e4.ui.workbench.renderers.swt.AbstractContributionItem.lambda$2(AbstractContributionItem.java:497)
	at org.eclipse.swt.widgets.EventTable.sendEvent(EventTable.java:91)
	at org.eclipse.swt.widgets.Display.sendEvent(Display.java:4338)
	at org.eclipse.swt.widgets.Widget.sendEvent(Widget.java:1214)
	at org.eclipse.swt.widgets.Display.runDeferredEvents(Display.java:4136)
	at org.eclipse.swt.widgets.Display.readAndDispatch(Display.java:3724)
	at org.eclipse.e4.ui.internal.workbench.swt.PartRenderingEngine$5.run(PartRenderingEngine.java:1151)
	at org.eclipse.core.databinding.observable.Realm.runWithDefault(Realm.java:339)
	at org.eclipse.e4.ui.internal.workbench.swt.PartRenderingEngine.run(PartRenderingEngine.java:1042)
	at org.eclipse.e4.ui.internal.workbench.E4Workbench.createAndRunUI(E4Workbench.java:153)
	at org.eclipse.ui.internal.Workbench.lambda$3(Workbench.java:678)
	at org.eclipse.core.databinding.observable.Realm.runWithDefault(Realm.java:339)
	at org.eclipse.ui.internal.Workbench.createAndRunWorkbench(Workbench.java:583)
	at org.eclipse.ui.PlatformUI.createAndRunWorkbench(PlatformUI.java:173)
	at org.jkiss.dbeaver.ui.app.standalone.DBeaverApplication.start(DBeaverApplication.java:313)
	at org.eclipse.equinox.internal.app.EclipseAppHandle.run(EclipseAppHandle.java:219)
	at org.eclipse.core.runtime.internal.adaptor.EclipseAppLauncher.runApplication(EclipseAppLauncher.java:149)
	at org.eclipse.core.runtime.internal.adaptor.EclipseAppLauncher.start(EclipseAppLauncher.java:115)
	at org.eclipse.core.runtime.adaptor.EclipseStarter.run(EclipseStarter.java:467)
	at org.eclipse.core.runtime.adaptor.EclipseStarter.run(EclipseStarter.java:298)
	at java.base/jdk.internal.reflect.DirectMethodHandleAccessor.invoke(Unknown Source)
	at java.base/java.lang.reflect.Method.invoke(Unknown Source)
	at org.jkiss.dbeaver.launcher.DBeaverLauncher.invokeFramework(DBeaverLauncher.java:884)
	at org.jkiss.dbeaver.launcher.DBeaverLauncher.basicRun(DBeaverLauncher.java:661)
	at org.jkiss.dbeaver.launcher.DBeaverLauncher.run(DBeaverLauncher.java:1665)
2025-09-29 16:45:06.740 - Datasource mysql8-1997062c0ac-925bf8f3988f20d not found in project General (/General/Scripts/Script.sql)
2025-09-29 16:45:08.693 - Execution context opened (localhost; SQLEditor <Script-9.sql>; 3)
> Start DBeaver Data Transfer [org.jkiss.dbeaver.data.transfer 2.0.147.202509211659]
2025-09-29 16:45:57.050 - Execution context closed (localhost, 3)
2025-09-29 16:46:02.959 - Node 'student' not found in parent node 'node://General/datasources/mysql8-19970a88e0f-22c2222a201f7f16/database'.
Allowed children: [blogboard [localhost], sys [localhost], testdb [localhost], testdb2 [localhost], students [localhost]]
2025-09-29 16:46:24.217 - SQL Error [1064] [42000]: You have an error in your SQL syntax; check the manual that corresponds to your MySQL server version for the right syntax to use near 'where age > 20' at line 1

Error position:
org.jkiss.dbeaver.model.sql.DBSQLException: SQL Error [1064] [42000]: You have an error in your SQL syntax; check the manual that corresponds to your MySQL server version for the right syntax to use near 'where age > 20' at line 1
	at org.jkiss.dbeaver.model.impl.jdbc.exec.JDBCStatementImpl.executeStatement(JDBCStatementImpl.java:134)
	at org.jkiss.dbeaver.ui.editors.sql.execute.SQLQueryJob.executeStatement(SQLQueryJob.java:675)
	at org.jkiss.dbeaver.ui.editors.sql.execute.SQLQueryJob.lambda$2(SQLQueryJob.java:568)
	at org.jkiss.dbeaver.model.exec.DBExecUtils.tryExecuteRecover(DBExecUtils.java:189)
	at org.jkiss.dbeaver.ui.editors.sql.execute.SQLQueryJob.executeSingleElement(SQLQueryJob.java:587)
	at org.jkiss.dbeaver.ui.editors.sql.execute.SQLQueryJob.executeSingleQuery(SQLQueryJob.java:449)
	at org.jkiss.dbeaver.ui.editors.sql.execute.SQLQueryJob.extractData(SQLQueryJob.java:1061)
	at org.jkiss.dbeaver.ui.editors.sql.SQLEditor$QueryResultsContainer.readData(SQLEditor.java:4568)
	at org.jkiss.dbeaver.ui.controls.resultset.ResultSetJobDataRead.lambda$0(ResultSetJobDataRead.java:128)
	at org.jkiss.dbeaver.model.exec.DBExecUtils.tryExecuteRecover(DBExecUtils.java:189)
	at org.jkiss.dbeaver.ui.controls.resultset.ResultSetJobDataRead.run(ResultSetJobDataRead.java:126)
	at org.jkiss.dbeaver.ui.controls.resultset.ResultSetViewer$ResultSetDataPumpJob.run(ResultSetViewer.java:5155)
	at org.jkiss.dbeaver.model.runtime.AbstractJob.run(AbstractJob.java:119)
	at org.eclipse.core.internal.jobs.Worker.run(Worker.java:63)
Caused by: java.sql.SQLSyntaxErrorException: You have an error in your SQL syntax; check the manual that corresponds to your MySQL server version for the right syntax to use near 'where age > 20' at line 1
	at com.mysql.cj.jdbc.exceptions.SQLError.createSQLException(SQLError.java:121)
	at com.mysql.cj.jdbc.exceptions.SQLExceptionsMapping.translateException(SQLExceptionsMapping.java:122)
	at com.mysql.cj.jdbc.StatementImpl.executeInternal(StatementImpl.java:767)
	at com.mysql.cj.jdbc.StatementImpl.execute(StatementImpl.java:652)
	at org.jkiss.dbeaver.model.impl.jdbc.exec.JDBCStatementImpl.execute(JDBCStatementImpl.java:328)
	at org.jkiss.dbeaver.model.impl.jdbc.exec.JDBCStatementImpl.executeStatement(JDBCStatementImpl.java:132)
	... 13 more
2025-09-29 16:47:16.893 - Unsupported table class: org.jkiss.dbeaver.ext.mysql.model.MySQLCatalog
2025-09-29 16:47:16.893 - Unsupported table class: org.jkiss.dbeaver.ext.mysql.model.MySQLCatalog
2025-09-29 16:47:21.830 - Unsupported table class: org.jkiss.dbeaver.ext.mysql.model.MySQLCatalog
2025-09-29 16:47:21.830 - Unsupported table class: org.jkiss.dbeaver.ext.mysql.model.MySQLCatalog
2025-09-29 16:47:44.035 - SQL Error [1064] [42000]: You have an error in your SQL syntax; check the manual that corresponds to your MySQL server version for the right syntax to use near 'order by age desc' at line 1

Error position:
org.jkiss.dbeaver.model.sql.DBSQLException: SQL Error [1064] [42000]: You have an error in your SQL syntax; check the manual that corresponds to your MySQL server version for the right syntax to use near 'order by age desc' at line 1
	at org.jkiss.dbeaver.model.impl.jdbc.exec.JDBCStatementImpl.executeStatement(JDBCStatementImpl.java:134)
	at org.jkiss.dbeaver.ui.editors.sql.execute.SQLQueryJob.executeStatement(SQLQueryJob.java:675)
	at org.jkiss.dbeaver.ui.editors.sql.execute.SQLQueryJob.lambda$2(SQLQueryJob.java:568)
	at org.jkiss.dbeaver.model.exec.DBExecUtils.tryExecuteRecover(DBExecUtils.java:189)
	at org.jkiss.dbeaver.ui.editors.sql.execute.SQLQueryJob.executeSingleElement(SQLQueryJob.java:587)
	at org.jkiss.dbeaver.ui.editors.sql.execute.SQLQueryJob.executeSingleQuery(SQLQueryJob.java:449)
	at org.jkiss.dbeaver.ui.editors.sql.execute.SQLQueryJob.extractData(SQLQueryJob.java:1061)
	at org.jkiss.dbeaver.ui.editors.sql.SQLEditor$QueryResultsContainer.readData(SQLEditor.java:4568)
	at org.jkiss.dbeaver.ui.controls.resultset.ResultSetJobDataRead.lambda$0(ResultSetJobDataRead.java:128)
	at org.jkiss.dbeaver.model.exec.DBExecUtils.tryExecuteRecover(DBExecUtils.java:189)
	at org.jkiss.dbeaver.ui.controls.resultset.ResultSetJobDataRead.run(ResultSetJobDataRead.java:126)
	at org.jkiss.dbeaver.ui.controls.resultset.ResultSetViewer$ResultSetDataPumpJob.run(ResultSetViewer.java:5155)
	at org.jkiss.dbeaver.model.runtime.AbstractJob.run(AbstractJob.java:119)
	at org.eclipse.core.internal.jobs.Worker.run(Worker.java:63)
Caused by: java.sql.SQLSyntaxErrorException: You have an error in your SQL syntax; check the manual that corresponds to your MySQL server version for the right syntax to use near 'order by age desc' at line 1
	at com.mysql.cj.jdbc.exceptions.SQLError.createSQLException(SQLError.java:121)
	at com.mysql.cj.jdbc.exceptions.SQLExceptionsMapping.translateException(SQLExceptionsMapping.java:122)
	at com.mysql.cj.jdbc.StatementImpl.executeInternal(StatementImpl.java:767)
	at com.mysql.cj.jdbc.StatementImpl.execute(StatementImpl.java:652)
	at org.jkiss.dbeaver.model.impl.jdbc.exec.JDBCStatementImpl.execute(JDBCStatementImpl.java:328)
	at org.jkiss.dbeaver.model.impl.jdbc.exec.JDBCStatementImpl.executeStatement(JDBCStatementImpl.java:132)
	... 13 more
> Start Log View [org.eclipse.ui.views.log 1.4.800.v20250426-1716]
2025-09-29 16:48:30.973 - Unsupported table class: org.jkiss.dbeaver.ext.mysql.model.MySQLCatalog
2025-09-29 16:48:30.973 - Unsupported table class: org.jkiss.dbeaver.ext.mysql.model.MySQLCatalog
2025-09-29 16:48:34.455 - Unsupported table class: org.jkiss.dbeaver.ext.mysql.model.MySQLCatalog
2025-09-29 16:48:34.456 - Unsupported table class: org.jkiss.dbeaver.ext.mysql.model.MySQLCatalog
2025-09-29 16:48:36.228 - SQL Error [1064] [42000]: You have an error in your SQL syntax; check the manual that corresponds to your MySQL server version for the right syntax to use near 'where age > 20' at line 1
org.jkiss.dbeaver.model.sql.DBSQLException: SQL Error [1064] [42000]: You have an error in your SQL syntax; check the manual that corresponds to your MySQL server version for the right syntax to use near 'where age > 20' at line 1
	at org.jkiss.dbeaver.model.impl.jdbc.exec.JDBCStatementImpl.executeStatement(JDBCStatementImpl.java:134)
	at org.jkiss.dbeaver.ui.editors.sql.execute.SQLQueryJob.executeStatement(SQLQueryJob.java:675)
	at org.jkiss.dbeaver.ui.editors.sql.execute.SQLQueryJob.lambda$2(SQLQueryJob.java:568)
	at org.jkiss.dbeaver.model.exec.DBExecUtils.tryExecuteRecover(DBExecUtils.java:189)
	at org.jkiss.dbeaver.ui.editors.sql.execute.SQLQueryJob.executeSingleElement(SQLQueryJob.java:587)
	at org.jkiss.dbeaver.ui.editors.sql.execute.SQLQueryJob.executeSingleQuery(SQLQueryJob.java:449)
	at org.jkiss.dbeaver.ui.editors.sql.execute.SQLQueryJob.extractData(SQLQueryJob.java:1061)
	at org.jkiss.dbeaver.ui.editors.sql.SQLEditor$QueryResultsContainer.readData(SQLEditor.java:4568)
	at org.jkiss.dbeaver.ui.controls.resultset.ResultSetJobDataRead.lambda$0(ResultSetJobDataRead.java:128)
	at org.jkiss.dbeaver.model.exec.DBExecUtils.tryExecuteRecover(DBExecUtils.java:189)
	at org.jkiss.dbeaver.ui.controls.resultset.ResultSetJobDataRead.run(ResultSetJobDataRead.java:126)
	at org.jkiss.dbeaver.ui.controls.resultset.ResultSetViewer$ResultSetDataPumpJob.run(ResultSetViewer.java:5155)
	at org.jkiss.dbeaver.model.runtime.AbstractJob.run(AbstractJob.java:119)
	at org.eclipse.core.internal.jobs.Worker.run(Worker.java:63)
Caused by: java.sql.SQLSyntaxErrorException: You have an error in your SQL syntax; check the manual that corresponds to your MySQL server version for the right syntax to use near 'where age > 20' at line 1
	at com.mysql.cj.jdbc.exceptions.SQLError.createSQLException(SQLError.java:121)
	at com.mysql.cj.jdbc.exceptions.SQLExceptionsMapping.translateException(SQLExceptionsMapping.java:122)
	at com.mysql.cj.jdbc.StatementImpl.executeInternal(StatementImpl.java:767)
	at com.mysql.cj.jdbc.StatementImpl.execute(StatementImpl.java:652)
	at org.jkiss.dbeaver.model.impl.jdbc.exec.JDBCStatementImpl.execute(JDBCStatementImpl.java:328)
	at org.jkiss.dbeaver.model.impl.jdbc.exec.JDBCStatementImpl.executeStatement(JDBCStatementImpl.java:132)
	... 13 more
2025-09-29 16:48:38.699 - Unsupported table class: org.jkiss.dbeaver.ext.mysql.model.MySQLCatalog
2025-09-29 16:48:38.700 - Unsupported table class: org.jkiss.dbeaver.ext.mysql.model.MySQLCatalog
2025-09-29 16:49:04.343 - Unsupported table class: org.jkiss.dbeaver.ext.mysql.model.MySQLCatalog
2025-09-29 16:49:04.344 - Unsupported table class: org.jkiss.dbeaver.ext.mysql.model.MySQLCatalog
2025-09-29 16:49:33.358 - Unsupported table class: org.jkiss.dbeaver.ext.mysql.model.MySQLCatalog
2025-09-29 16:49:33.359 - Unsupported table class: org.jkiss.dbeaver.ext.mysql.model.MySQLCatalog
2025-09-29 16:49:56.126 - Unsupported table class: org.jkiss.dbeaver.ext.mysql.model.MySQLCatalog
2025-09-29 16:49:56.126 - Unsupported table class: org.jkiss.dbeaver.ext.mysql.model.MySQLCatalog
2025-09-29 16:49:59.565 - Unsupported table class: org.jkiss.dbeaver.ext.mysql.model.MySQLCatalog
2025-09-29 16:49:59.566 - Unsupported table class: org.jkiss.dbeaver.ext.mysql.model.MySQLCatalog
2025-09-29 16:50:09.874 - Unsupported table class: org.jkiss.dbeaver.ext.mysql.model.MySQLCatalog
2025-09-29 16:50:09.874 - Unsupported table class: org.jkiss.dbeaver.ext.mysql.model.MySQLCatalog
2025-09-29 16:50:11.288 - Unsupported table class: org.jkiss.dbeaver.ext.mysql.model.MySQLCatalog
2025-09-29 16:50:11.288 - Unsupported table class: org.jkiss.dbeaver.ext.mysql.model.MySQLCatalog
2025-09-29 16:50:12.494 - Unsupported table class: org.jkiss.dbeaver.ext.mysql.model.MySQLCatalog
2025-09-29 16:50:12.494 - Unsupported table class: org.jkiss.dbeaver.ext.mysql.model.MySQLCatalog
2025-09-29 16:50:19.562 - Unsupported table class: org.jkiss.dbeaver.ext.mysql.model.MySQLCatalog
2025-09-29 16:50:19.562 - Unsupported table class: org.jkiss.dbeaver.ext.mysql.model.MySQLCatalog
2025-09-29 16:50:53.899 - Unsupported table class: org.jkiss.dbeaver.ext.mysql.model.MySQLCatalog
2025-09-29 16:50:53.900 - Unsupported table class: org.jkiss.dbeaver.ext.mysql.model.MySQLCatalog
2025-09-29 16:51:17.534 - Unsupported table class: org.jkiss.dbeaver.ext.mysql.model.MySQLCatalog
2025-09-29 16:51:17.535 - Unsupported table class: org.jkiss.dbeaver.ext.mysql.model.MySQLCatalog
2025-09-29 16:52:03.436 - Unsupported table class: org.jkiss.dbeaver.ext.mysql.model.MySQLCatalog
2025-09-29 16:52:03.436 - Unsupported table class: org.jkiss.dbeaver.ext.mysql.model.MySQLCatalog
2025-09-29 16:52:12.833 - Unsupported table class: org.jkiss.dbeaver.ext.mysql.model.MySQLCatalog
2025-09-29 16:52:12.834 - Unsupported table class: org.jkiss.dbeaver.ext.mysql.model.MySQLCatalog
2025-09-29 16:53:48.861 - Unsupported table class: org.jkiss.dbeaver.ext.mysql.model.MySQLCatalog
2025-09-29 16:53:48.862 - Unsupported table class: org.jkiss.dbeaver.ext.mysql.model.MySQLCatalog
2025-09-29 16:53:54.808 - Unsupported table class: org.jkiss.dbeaver.ext.mysql.model.MySQLCatalog
2025-09-29 16:53:54.808 - Unsupported table class: org.jkiss.dbeaver.ext.mysql.model.MySQLCatalog
2025-09-29 16:54:05.990 - Unsupported table class: org.jkiss.dbeaver.ext.mysql.model.MySQLCatalog
2025-09-29 16:54:05.990 - Unsupported table class: org.jkiss.dbeaver.ext.mysql.model.MySQLCatalog
2025-09-29 16:54:15.762 - Unsupported table class: org.jkiss.dbeaver.ext.mysql.model.MySQLCatalog
2025-09-29 16:54:15.762 - Unsupported table class: org.jkiss.dbeaver.ext.mysql.model.MySQLCatalog
2025-09-29 16:54:48.567 - Unsupported table class: org.jkiss.dbeaver.ext.mysql.model.MySQLCatalog
2025-09-29 16:54:48.567 - Unsupported table class: org.jkiss.dbeaver.ext.mysql.model.MySQLCatalog
2025-09-29 16:58:04.167 - Unsupported table class: org.jkiss.dbeaver.ext.mysql.model.MySQLCatalog
2025-09-29 16:58:04.167 - Unsupported table class: org.jkiss.dbeaver.ext.mysql.model.MySQLCatalog
2025-09-29 17:08:25.249 - Execution context opened (localhost; SQLEditor <Script-10.sql>; 4)
2025-09-29 17:08:51.673 - Execution context closed (localhost, 2)
2025-09-29 17:09:03.252 - Datasource mysql8-1997062c0ac-925bf8f3988f20d not found in project General (/General/Scripts/Script.sql)
2025-09-29 17:16:04.948 - Datasource mysql8-1997062c0ac-925bf8f3988f20d not found in project General (/General/Scripts/Script.sql)
2025-09-29 17:16:08.957 - Execution context opened (localhost; SQLEditor <Script-1.sql>; 5)
2025-09-29 17:16:11.065 - Execution context opened (localhost; SQLEditor <Script-2.sql>; 6)
2025-09-29 17:16:18.535 - Execution context opened (localhost; SQLEditor <Script-3.sql>; 7)
2025-09-29 17:16:20.089 - Execution context opened (localhost; SQLEditor <Script-4.sql>; 8)
2025-09-29 17:16:26.120 - Execution context closed (localhost, 8)
2025-09-29 17:16:26.207 - Datasource mysql8-1997062c0ac-925bf8f3988f20d not found in project General (/General/Scripts/Script.sql)
2025-09-29 17:16:26.213 - Datasource mysql8-1997062c0ac-925bf8f3988f20d not found in project General (/General/Scripts/Script.sql)
2025-09-29 17:16:28.150 - Execution context opened (localhost; SQLEditor <Script-5.sql>; 9)
2025-09-29 17:16:29.571 - Datasource mysql8-1997062c0ac-925bf8f3988f20d not found in project General (/General/Scripts/Script.sql)
2025-09-29 17:16:29.572 - Datasource mysql8-1997062c0ac-925bf8f3988f20d not found in project General (/General/Scripts/Script.sql)
2025-09-29 17:16:29.574 - Datasource mysql8-1997062c0ac-925bf8f3988f20d not found in project General (/General/Scripts/Script.sql)
2025-09-29 17:16:29.575 - Datasource mysql8-1997062c0ac-925bf8f3988f20d not found in project General (/General/Scripts/Script.sql)
2025-09-29 17:16:29.577 - Datasource mysql8-1997062c0ac-925bf8f3988f20d not found in project General (/General/Scripts/Script.sql)
2025-09-29 17:16:29.579 - Datasource mysql8-1997062c0ac-925bf8f3988f20d not found in project General (/General/Scripts/Script.sql)
2025-09-29 17:16:29.581 - Datasource mysql8-1997062c0ac-925bf8f3988f20d not found in project General (/General/Scripts/Script.sql)
2025-09-29 17:16:29.583 - Datasource mysql8-1997062c0ac-925bf8f3988f20d not found in project General (/General/Scripts/Script.sql)
2025-09-29 17:16:29.584 - Datasource mysql8-1997062c0ac-925bf8f3988f20d not found in project General (/General/Scripts/Script.sql)
2025-09-29 17:16:29.585 - Datasource mysql8-1997062c0ac-925bf8f3988f20d not found in project General (/General/Scripts/Script.sql)
2025-09-29 17:16:29.586 - Datasource mysql8-1997062c0ac-925bf8f3988f20d not found in project General (/General/Scripts/Script.sql)
2025-09-29 17:16:29.588 - Datasource mysql8-1997062c0ac-925bf8f3988f20d not found in project General (/General/Scripts/Script.sql)
2025-09-29 17:16:29.589 - Datasource mysql8-1997062c0ac-925bf8f3988f20d not found in project General (/General/Scripts/Script.sql)
2025-09-29 17:16:29.591 - Datasource mysql8-1997062c0ac-925bf8f3988f20d not found in project General (/General/Scripts/Script.sql)
2025-09-29 17:16:29.592 - Datasource mysql8-1997062c0ac-925bf8f3988f20d not found in project General (/General/Scripts/Script.sql)
2025-09-29 17:16:29.593 - Datasource mysql8-1997062c0ac-925bf8f3988f20d not found in project General (/General/Scripts/Script.sql)
2025-09-29 17:16:29.594 - Datasource mysql8-1997062c0ac-925bf8f3988f20d not found in project General (/General/Scripts/Script.sql)
2025-09-29 17:16:29.596 - Datasource mysql8-1997062c0ac-925bf8f3988f20d not found in project General (/General/Scripts/Script.sql)
2025-09-29 17:16:30.510 - Execution context opened (localhost; SQLEditor <Script-6.sql>; 10)
2025-09-29 17:16:32.156 - Datasource mysql8-1997062c0ac-925bf8f3988f20d not found in project General (/General/Scripts/Script.sql)
2025-09-29 17:16:32.167 - Datasource mysql8-1997062c0ac-925bf8f3988f20d not found in project General (/General/Scripts/Script.sql)
2025-09-29 17:16:32.176 - Datasource mysql8-1997062c0ac-925bf8f3988f20d not found in project General (/General/Scripts/Script.sql)
2025-09-29 17:16:32.185 - Datasource mysql8-1997062c0ac-925bf8f3988f20d not found in project General (/General/Scripts/Script.sql)
2025-09-29 17:16:32.195 - Datasource mysql8-1997062c0ac-925bf8f3988f20d not found in project General (/General/Scripts/Script.sql)
2025-09-29 17:16:32.203 - Datasource mysql8-1997062c0ac-925bf8f3988f20d not found in project General (/General/Scripts/Script.sql)
2025-09-29 17:16:32.212 - Datasource mysql8-1997062c0ac-925bf8f3988f20d not found in project General (/General/Scripts/Script.sql)
2025-09-29 17:16:32.222 - Datasource mysql8-1997062c0ac-925bf8f3988f20d not found in project General (/General/Scripts/Script.sql)
2025-09-29 17:16:32.230 - Datasource mysql8-1997062c0ac-925bf8f3988f20d not found in project General (/General/Scripts/Script.sql)
2025-09-29 17:16:32.239 - Datasource mysql8-1997062c0ac-925bf8f3988f20d not found in project General (/General/Scripts/Script.sql)
2025-09-29 17:16:32.247 - Datasource mysql8-1997062c0ac-925bf8f3988f20d not found in project General (/General/Scripts/Script.sql)
2025-09-29 17:16:32.256 - Datasource mysql8-1997062c0ac-925bf8f3988f20d not found in project General (/General/Scripts/Script.sql)
2025-09-29 17:16:32.270 - Datasource mysql8-1997062c0ac-925bf8f3988f20d not found in project General (/General/Scripts/Script.sql)
2025-09-29 17:16:32.280 - Datasource mysql8-1997062c0ac-925bf8f3988f20d not found in project General (/General/Scripts/Script.sql)
2025-09-29 17:16:32.290 - Datasource mysql8-1997062c0ac-925bf8f3988f20d not found in project General (/General/Scripts/Script.sql)
2025-09-29 17:16:32.300 - Datasource mysql8-1997062c0ac-925bf8f3988f20d not found in project General (/General/Scripts/Script.sql)
2025-09-29 17:16:32.309 - Datasource mysql8-1997062c0ac-925bf8f3988f20d not found in project General (/General/Scripts/Script.sql)
2025-09-29 17:16:32.318 - Datasource mysql8-1997062c0ac-925bf8f3988f20d not found in project General (/General/Scripts/Script.sql)
2025-09-29 17:16:33.400 - Execution context opened (localhost; SQLEditor <Script-7.sql>; 11)
2025-09-29 17:16:38.782 - Execution context opened (localhost; SQLEditor <Script-8.sql>; 12)
2025-09-29 17:16:42.579 - Execution context closed (localhost, 11)
2025-09-29 17:16:42.682 - Datasource mysql8-1997062c0ac-925bf8f3988f20d not found in project General (/General/Scripts/Script.sql)
2025-09-29 17:16:42.689 - Datasource mysql8-1997062c0ac-925bf8f3988f20d not found in project General (/General/Scripts/Script.sql)
2025-09-29 17:16:46.750 - Execution context closed (localhost, 12)
2025-09-29 17:16:46.836 - Datasource mysql8-1997062c0ac-925bf8f3988f20d not found in project General (/General/Scripts/Script.sql)
2025-09-29 17:16:46.843 - Datasource mysql8-1997062c0ac-925bf8f3988f20d not found in project General (/General/Scripts/Script.sql)
2025-09-29 17:16:47.979 - Execution context opened (localhost; SQLEditor <Script-9.sql>; 13)
2025-09-29 17:16:48.710 - Datasource mysql8-1997062c0ac-925bf8f3988f20d not found in project General (/General/Scripts/Script.sql)
2025-09-29 17:16:50.082 - Datasource mysql8-1997062c0ac-925bf8f3988f20d not found in project General (/General/Scripts/Script.sql)
2025-09-29 17:16:50.083 - Datasource mysql8-1997062c0ac-925bf8f3988f20d not found in project General (/General/Scripts/Script.sql)
2025-09-29 17:16:50.084 - Datasource mysql8-1997062c0ac-925bf8f3988f20d not found in project General (/General/Scripts/Script.sql)
2025-09-29 17:16:50.084 - Datasource mysql8-1997062c0ac-925bf8f3988f20d not found in project General (/General/Scripts/Script.sql)
2025-09-29 17:16:50.084 - Datasource mysql8-1997062c0ac-925bf8f3988f20d not found in project General (/General/Scripts/Script.sql)
2025-09-29 17:16:50.579 - Datasource mysql8-1997062c0ac-925bf8f3988f20d not found in project General (/General/Scripts/Script.sql)
2025-09-29 17:16:50.584 - Datasource mysql8-1997062c0ac-925bf8f3988f20d not found in project General (/General/Scripts/Script.sql)
2025-09-29 17:16:50.748 - Datasource mysql8-1997062c0ac-925bf8f3988f20d not found in project General (/General/Scripts/Script.sql)
2025-09-29 17:16:50.760 - Datasource mysql8-1997062c0ac-925bf8f3988f20d not found in project General (/General/Scripts/Script.sql)
2025-09-29 17:16:50.844 - Datasource mysql8-1997062c0ac-925bf8f3988f20d not found in project General (/General/Scripts/Script.sql)
2025-09-29 17:16:50.853 - Datasource mysql8-1997062c0ac-925bf8f3988f20d not found in project General (/General/Scripts/Script.sql)
2025-09-29 17:16:51.400 - Datasource mysql8-1997062c0ac-925bf8f3988f20d not found in project General (/General/Scripts/Script.sql)
2025-09-29 17:16:52.059 - Datasource mysql8-1997062c0ac-925bf8f3988f20d not found in project General (/General/Scripts/Script.sql)
2025-09-29 17:16:52.059 - Datasource mysql8-1997062c0ac-925bf8f3988f20d not found in project General (/General/Scripts/Script.sql)
2025-09-29 17:16:52.070 - Datasource mysql8-1997062c0ac-925bf8f3988f20d not found in project General (/General/Scripts/Script.sql)
2025-09-29 17:16:52.081 - Datasource mysql8-1997062c0ac-925bf8f3988f20d not found in project General (/General/Scripts/Script.sql)
2025-09-29 17:16:52.082 - Datasource mysql8-1997062c0ac-925bf8f3988f20d not found in project General (/General/Scripts/Script.sql)
2025-09-29 17:16:52.082 - Datasource mysql8-1997062c0ac-925bf8f3988f20d not found in project General (/General/Scripts/Script.sql)
2025-09-29 17:16:52.083 - Datasource mysql8-1997062c0ac-925bf8f3988f20d not found in project General (/General/Scripts/Script.sql)
2025-09-29 17:16:52.125 - Datasource mysql8-1997062c0ac-925bf8f3988f20d not found in project General (/General/Scripts/Script.sql)
2025-09-29 17:16:52.127 - Datasource mysql8-1997062c0ac-925bf8f3988f20d not found in project General (/General/Scripts/Script.sql)
2025-09-29 17:16:52.127 - Datasource mysql8-1997062c0ac-925bf8f3988f20d not found in project General (/General/Scripts/Script.sql)
2025-09-29 17:16:52.127 - Datasource mysql8-1997062c0ac-925bf8f3988f20d not found in project General (/General/Scripts/Script.sql)
2025-09-29 17:16:52.127 - Datasource mysql8-1997062c0ac-925bf8f3988f20d not found in project General (/General/Scripts/Script.sql)
2025-09-29 17:16:52.128 - Datasource mysql8-1997062c0ac-925bf8f3988f20d not found in project General (/General/Scripts/Script.sql)
2025-09-29 17:16:52.128 - Datasource mysql8-1997062c0ac-925bf8f3988f20d not found in project General (/General/Scripts/Script.sql)
2025-09-29 17:16:52.150 - Datasource mysql8-1997062c0ac-925bf8f3988f20d not found in project General (/General/Scripts/Script.sql)
2025-09-29 17:16:52.227 - Datasource mysql8-1997062c0ac-925bf8f3988f20d not found in project General (/General/Scripts/Script.sql)
2025-09-29 17:16:52.342 - Datasource mysql8-1997062c0ac-925bf8f3988f20d not found in project General (/General/Scripts/Script.sql)
2025-09-29 17:16:54.325 - Datasource mysql8-1997062c0ac-925bf8f3988f20d not found in project General (/General/Scripts/Script.sql)
2025-09-29 17:16:54.338 - Datasource mysql8-1997062c0ac-925bf8f3988f20d not found in project General (/General/Scripts/Script.sql)
2025-09-29 17:16:54.338 - Datasource mysql8-1997062c0ac-925bf8f3988f20d not found in project General (/General/Scripts/Script.sql)
2025-09-29 17:16:54.338 - Datasource mysql8-1997062c0ac-925bf8f3988f20d not found in project General (/General/Scripts/Script.sql)
2025-09-29 17:16:54.339 - Datasource mysql8-1997062c0ac-925bf8f3988f20d not found in project General (/General/Scripts/Script.sql)
2025-09-29 17:16:54.397 - Datasource mysql8-1997062c0ac-925bf8f3988f20d not found in project General (/General/Scripts/Script.sql)
2025-09-29 17:16:54.705 - Datasource mysql8-1997062c0ac-925bf8f3988f20d not found in project General (/General/Scripts/Script.sql)
2025-09-29 17:16:54.720 - Datasource mysql8-1997062c0ac-925bf8f3988f20d not found in project General (/General/Scripts/Script.sql)
2025-09-29 17:17:08.901 - Datasource mysql8-1997062c0ac-925bf8f3988f20d not found in project General (/General/Scripts/Script.sql)
2025-09-29 17:17:31.205 - Datasource mysql8-1997062c0ac-925bf8f3988f20d not found in project General (/General/Scripts/Script.sql)
2025-09-29 17:17:43.704 - Execution context closed (localhost, 5)
2025-09-29 17:17:44.375 - Datasource mysql8-1997062c0ac-925bf8f3988f20d not found in project General (/General/Scripts/Script.sql)
2025-09-29 17:17:46.070 - Execution context closed (localhost, 7)
2025-09-29 17:17:46.087 - Datasource mysql8-1997062c0ac-925bf8f3988f20d not found in project General (/General/Scripts/Script.sql)
2025-09-29 17:17:46.703 - Execution context closed (localhost, 9)
2025-09-29 17:17:46.720 - Datasource mysql8-1997062c0ac-925bf8f3988f20d not found in project General (/General/Scripts/Script.sql)
2025-09-29 17:17:47.325 - Datasource mysql8-1997062c0ac-925bf8f3988f20d not found in project General (/General/Scripts/Script.sql)
2025-09-29 17:17:48.841 - Datasource mysql8-1997062c0ac-925bf8f3988f20d not found in project General (/General/Scripts/Script.sql)
2025-09-29 17:17:49.159 - Datasource mysql8-1997062c0ac-925bf8f3988f20d not found in project General (/General/Scripts/Script.sql)
2025-09-29 17:17:49.669 - Datasource mysql8-1997062c0ac-925bf8f3988f20d not found in project General (/General/Scripts/Script.sql)
2025-09-29 17:17:49.728 - Execution context closed (localhost, 13)
2025-09-29 17:17:49.745 - Datasource mysql8-1997062c0ac-925bf8f3988f20d not found in project General (/General/Scripts/Script.sql)
2025-09-29 17:17:50.183 - Datasource mysql8-1997062c0ac-925bf8f3988f20d not found in project General (/General/Scripts/Script.sql)
2025-09-29 17:17:50.217 - Datasource mysql8-1997062c0ac-925bf8f3988f20d not found in project General (/General/Scripts/Script.sql)
2025-09-29 17:17:50.237 - Datasource mysql8-1997062c0ac-925bf8f3988f20d not found in project General (/General/Scripts/Script.sql)
2025-09-29 17:17:50.502 - Datasource mysql8-1997062c0ac-925bf8f3988f20d not found in project General (/General/Scripts/Script.sql)
2025-09-29 17:17:50.835 - Datasource mysql8-1997062c0ac-925bf8f3988f20d not found in project General (/General/Scripts/Script.sql)
2025-09-29 17:17:51.053 - Datasource mysql8-1997062c0ac-925bf8f3988f20d not found in project General (/General/Scripts/Script.sql)
2025-09-29 17:17:53.572 - Execution context closed (localhost, 10)
2025-09-29 17:17:54.829 - Execution context closed (localhost, 6)
2025-09-29 17:18:15.251 - Datasource mysql8-1997062c0ac-925bf8f3988f20d not found in project General (/General/Scripts/Script.sql)
2025-09-29 17:18:15.261 - Datasource mysql8-1997062c0ac-925bf8f3988f20d not found in project General (/General/Scripts/Script.sql)
2025-09-29 17:18:16.349 - Datasource mysql8-1997062c0ac-925bf8f3988f20d not found in project General (/General/Scripts/Script.sql)
2025-09-29 17:18:16.365 - Datasource mysql8-1997062c0ac-925bf8f3988f20d not found in project General (/General/Scripts/Script.sql)
2025-09-29 17:18:42.325 - Datasource mysql8-1997062c0ac-925bf8f3988f20d not found in project General (/General/Scripts/Script.sql)
2025-09-29 17:18:42.339 - Datasource mysql8-1997062c0ac-925bf8f3988f20d not found in project General (/General/Scripts/Script.sql)
2025-09-29 17:18:43.741 - Datasource mysql8-1997062c0ac-925bf8f3988f20d not found in project General (/General/Scripts/Script.sql)
2025-09-29 17:18:43.758 - Datasource mysql8-1997062c0ac-925bf8f3988f20d not found in project General (/General/Scripts/Script.sql)
2025-09-29 17:18:59.251 - Datasource mysql8-1997062c0ac-925bf8f3988f20d not found in project General (/General/Scripts/Script.sql)
2025-09-29 17:18:59.284 - Datasource mysql8-1997062c0ac-925bf8f3988f20d not found in project General (/General/Scripts/Script.sql)
2025-09-29 17:18:59.857 - Datasource mysql8-1997062c0ac-925bf8f3988f20d not found in project General (/General/Scripts/Script.sql)
2025-09-29 17:18:59.874 - Datasource mysql8-1997062c0ac-925bf8f3988f20d not found in project General (/General/Scripts/Script.sql)
2025-09-29 17:18:59.888 - Datasource mysql8-1997062c0ac-925bf8f3988f20d not found in project General (/General/Scripts/Script.sql)
2025-09-29 17:18:59.921 - Datasource mysql8-1997062c0ac-925bf8f3988f20d not found in project General (/General/Scripts/Script.sql)
2025-09-29 17:19:04.197 - Datasource mysql8-1997062c0ac-925bf8f3988f20d not found in project General (/General/Scripts/Script.sql)
2025-09-29 17:19:04.233 - Datasource mysql8-1997062c0ac-925bf8f3988f20d not found in project General (/General/Scripts/Script.sql)
2025-09-29 17:21:06.781 - Datasource mysql8-1997062c0ac-925bf8f3988f20d not found in project General (/General/Scripts/Script.sql)
2025-09-29 17:21:06.789 - Datasource mysql8-1997062c0ac-925bf8f3988f20d not found in project General (/General/Scripts/Script.sql)
2025-09-29 17:21:08.495 - Datasource mysql8-1997062c0ac-925bf8f3988f20d not found in project General (/General/Scripts/Script.sql)
2025-09-29 17:21:08.504 - Datasource mysql8-1997062c0ac-925bf8f3988f20d not found in project General (/General/Scripts/Script.sql)
2025-09-29 17:21:18.755 - Datasource mysql8-1997062c0ac-925bf8f3988f20d not found in project General (/General/Scripts/Script.sql)
2025-09-29 17:21:18.763 - Datasource mysql8-1997062c0ac-925bf8f3988f20d not found in project General (/General/Scripts/Script.sql)
2025-09-29 17:21:20.286 - Datasource mysql8-1997062c0ac-925bf8f3988f20d not found in project General (/General/Scripts/Script.sql)
2025-09-29 17:21:20.305 - Datasource mysql8-1997062c0ac-925bf8f3988f20d not found in project General (/General/Scripts/Script.sql)
2025-09-29 17:21:22.877 - Datasource mysql8-1997062c0ac-925bf8f3988f20d not found in project General (/General/Scripts/Script.sql)
2025-09-29 17:21:22.894 - Datasource mysql8-1997062c0ac-925bf8f3988f20d not found in project General (/General/Scripts/Script.sql)
2025-09-29 17:21:24.296 - Datasource mysql8-1997062c0ac-925bf8f3988f20d not found in project General (/General/Scripts/Script.sql)
2025-09-29 17:21:24.332 - Datasource mysql8-1997062c0ac-925bf8f3988f20d not found in project General (/General/Scripts/Script.sql)
2025-09-29 17:21:45.936 - Datasource mysql8-1997062c0ac-925bf8f3988f20d not found in project General (/General/Scripts/Script.sql)
2025-09-29 17:22:02.350 - Datasource mysql8-1997062c0ac-925bf8f3988f20d not found in project General (/General/Scripts/Script.sql)
2025-09-29 17:22:02.359 - Datasource mysql8-1997062c0ac-925bf8f3988f20d not found in project General (/General/Scripts/Script.sql)
2025-09-29 17:22:03.491 - Datasource mysql8-1997062c0ac-925bf8f3988f20d not found in project General (/General/Scripts/Script.sql)
2025-09-29 17:22:03.512 - Datasource mysql8-1997062c0ac-925bf8f3988f20d not found in project General (/General/Scripts/Script.sql)
2025-09-29 17:22:05.910 - Datasource mysql8-1997062c0ac-925bf8f3988f20d not found in project General (/General/Scripts/Script.sql)
2025-09-29 17:22:05.920 - Datasource mysql8-1997062c0ac-925bf8f3988f20d not found in project General (/General/Scripts/Script.sql)
2025-09-29 17:22:07.207 - Datasource mysql8-1997062c0ac-925bf8f3988f20d not found in project General (/General/Scripts/Script.sql)
2025-09-29 17:22:07.226 - Datasource mysql8-1997062c0ac-925bf8f3988f20d not found in project General (/General/Scripts/Script.sql)
2025-09-29 17:22:09.877 - Datasource mysql8-1997062c0ac-925bf8f3988f20d not found in project General (/General/Scripts/Script.sql)
2025-09-29 17:22:09.887 - Datasource mysql8-1997062c0ac-925bf8f3988f20d not found in project General (/General/Scripts/Script.sql)
2025-09-29 17:22:10.580 - Datasource mysql8-1997062c0ac-925bf8f3988f20d not found in project General (/General/Scripts/Script.sql)
2025-09-29 17:22:10.605 - Datasource mysql8-1997062c0ac-925bf8f3988f20d not found in project General (/General/Scripts/Script.sql)
2025-09-29 17:22:21.980 - Can't parse numeric value [('홍길동',22,'B')] using formatter: For input string: "('홍길동"
2025-09-29 17:22:21.980 - Can't parse numeric value [('홍길동',22,'B')] using formatter: For input string: "('홍길동"
2025-09-29 17:22:21.981 - Can't parse numeric value [('홍길동',22,'B')] using formatter: For input string: "('홍길동"
2025-09-29 17:22:21.981 - Can't parse numeric value [('홍길동',22,'B')] using formatter: For input string: "('홍길동"
2025-09-29 17:22:21.982 - Can't parse numeric value [('홍길동',22,'B')] using formatter: For input string: "('홍길동"
2025-09-29 17:22:22.942 - Can't parse numeric value [('홍길동',22,'B')] using formatter: For input string: "('홍길동"
2025-09-29 17:22:22.942 - Can't parse numeric value [('홍길동',22,'B')] using formatter: For input string: "('홍길동"
2025-09-29 17:22:22.943 - Can't parse numeric value [('홍길동',22,'B')] using formatter: For input string: "('홍길동"
2025-09-29 17:22:22.943 - Can't parse numeric value [('홍길동',22,'B')] using formatter: For input string: "('홍길동"
2025-09-29 17:22:22.944 - Can't parse numeric value [('홍길동',22,'B')] using formatter: For input string: "('홍길동"
2025-09-29 17:23:01.083 - Datasource mysql8-1997062c0ac-925bf8f3988f20d not found in project General (/General/Scripts/Script.sql)
2025-09-29 17:23:05.787 - SQL Error [1305] [42000]: FUNCTION testdb.flooe does not exist
org.jkiss.dbeaver.model.sql.DBSQLException: SQL Error [1305] [42000]: FUNCTION testdb.flooe does not exist
	at org.jkiss.dbeaver.model.impl.jdbc.exec.JDBCStatementImpl.executeStatement(JDBCStatementImpl.java:134)
	at org.jkiss.dbeaver.ui.editors.sql.execute.SQLQueryJob.executeStatement(SQLQueryJob.java:675)
	at org.jkiss.dbeaver.ui.editors.sql.execute.SQLQueryJob.lambda$2(SQLQueryJob.java:568)
	at org.jkiss.dbeaver.model.exec.DBExecUtils.tryExecuteRecover(DBExecUtils.java:189)
	at org.jkiss.dbeaver.ui.editors.sql.execute.SQLQueryJob.executeSingleElement(SQLQueryJob.java:587)
	at org.jkiss.dbeaver.ui.editors.sql.execute.SQLQueryJob.executeSingleQuery(SQLQueryJob.java:449)
	at org.jkiss.dbeaver.ui.editors.sql.execute.SQLQueryJob.extractData(SQLQueryJob.java:1061)
	at org.jkiss.dbeaver.ui.editors.sql.SQLEditor$QueryResultsContainer.readData(SQLEditor.java:4568)
	at org.jkiss.dbeaver.ui.controls.resultset.ResultSetJobDataRead.lambda$0(ResultSetJobDataRead.java:128)
	at org.jkiss.dbeaver.model.exec.DBExecUtils.tryExecuteRecover(DBExecUtils.java:189)
	at org.jkiss.dbeaver.ui.controls.resultset.ResultSetJobDataRead.run(ResultSetJobDataRead.java:126)
	at org.jkiss.dbeaver.ui.controls.resultset.ResultSetViewer$ResultSetDataPumpJob.run(ResultSetViewer.java:5155)
	at org.jkiss.dbeaver.model.runtime.AbstractJob.run(AbstractJob.java:119)
	at org.eclipse.core.internal.jobs.Worker.run(Worker.java:63)
Caused by: java.sql.SQLSyntaxErrorException: FUNCTION testdb.flooe does not exist
	at com.mysql.cj.jdbc.exceptions.SQLError.createSQLException(SQLError.java:121)
	at com.mysql.cj.jdbc.exceptions.SQLExceptionsMapping.translateException(SQLExceptionsMapping.java:122)
	at com.mysql.cj.jdbc.StatementImpl.executeInternal(StatementImpl.java:767)
	at com.mysql.cj.jdbc.StatementImpl.execute(StatementImpl.java:652)
	at org.jkiss.dbeaver.model.impl.jdbc.exec.JDBCStatementImpl.execute(JDBCStatementImpl.java:328)
	at org.jkiss.dbeaver.model.impl.jdbc.exec.JDBCStatementImpl.executeStatement(JDBCStatementImpl.java:132)
	... 13 more
2025-09-29 17:23:06.047 - Datasource mysql8-1997062c0ac-925bf8f3988f20d not found in project General (/General/Scripts/Script.sql)
2025-09-29 17:23:06.056 - Datasource mysql8-1997062c0ac-925bf8f3988f20d not found in project General (/General/Scripts/Script.sql)
2025-09-29 17:23:06.065 - Datasource mysql8-1997062c0ac-925bf8f3988f20d not found in project General (/General/Scripts/Script.sql)
2025-09-29 17:23:06.074 - Datasource mysql8-1997062c0ac-925bf8f3988f20d not found in project General (/General/Scripts/Script.sql)
2025-09-29 17:23:14.840 - SQL Error [1305] [42000]: FUNCTION testdb.flooㄱ does not exist
org.jkiss.dbeaver.model.sql.DBSQLException: SQL Error [1305] [42000]: FUNCTION testdb.flooㄱ does not exist
	at org.jkiss.dbeaver.model.impl.jdbc.exec.JDBCStatementImpl.executeStatement(JDBCStatementImpl.java:134)
	at org.jkiss.dbeaver.ui.editors.sql.execute.SQLQueryJob.executeStatement(SQLQueryJob.java:675)
	at org.jkiss.dbeaver.ui.editors.sql.execute.SQLQueryJob.lambda$2(SQLQueryJob.java:568)
	at org.jkiss.dbeaver.model.exec.DBExecUtils.tryExecuteRecover(DBExecUtils.java:189)
	at org.jkiss.dbeaver.ui.editors.sql.execute.SQLQueryJob.executeSingleElement(SQLQueryJob.java:587)
	at org.jkiss.dbeaver.ui.editors.sql.execute.SQLQueryJob.executeSingleQuery(SQLQueryJob.java:449)
	at org.jkiss.dbeaver.ui.editors.sql.execute.SQLQueryJob.extractData(SQLQueryJob.java:1061)
	at org.jkiss.dbeaver.ui.editors.sql.SQLEditor$QueryResultsContainer.readData(SQLEditor.java:4568)
	at org.jkiss.dbeaver.ui.controls.resultset.ResultSetJobDataRead.lambda$0(ResultSetJobDataRead.java:128)
	at org.jkiss.dbeaver.model.exec.DBExecUtils.tryExecuteRecover(DBExecUtils.java:189)
	at org.jkiss.dbeaver.ui.controls.resultset.ResultSetJobDataRead.run(ResultSetJobDataRead.java:126)
	at org.jkiss.dbeaver.ui.controls.resultset.ResultSetViewer$ResultSetDataPumpJob.run(ResultSetViewer.java:5155)
	at org.jkiss.dbeaver.model.runtime.AbstractJob.run(AbstractJob.java:119)
	at org.eclipse.core.internal.jobs.Worker.run(Worker.java:63)
Caused by: java.sql.SQLSyntaxErrorException: FUNCTION testdb.flooㄱ does not exist
	at com.mysql.cj.jdbc.exceptions.SQLError.createSQLException(SQLError.java:121)
	at com.mysql.cj.jdbc.exceptions.SQLExceptionsMapping.translateException(SQLExceptionsMapping.java:122)
	at com.mysql.cj.jdbc.StatementImpl.executeInternal(StatementImpl.java:767)
	at com.mysql.cj.jdbc.StatementImpl.execute(StatementImpl.java:652)
	at org.jkiss.dbeaver.model.impl.jdbc.exec.JDBCStatementImpl.execute(JDBCStatementImpl.java:328)
	at org.jkiss.dbeaver.model.impl.jdbc.exec.JDBCStatementImpl.executeStatement(JDBCStatementImpl.java:132)
	... 13 more
2025-09-29 17:23:15.061 - Datasource mysql8-1997062c0ac-925bf8f3988f20d not found in project General (/General/Scripts/Script.sql)
2025-09-29 17:23:15.089 - Datasource mysql8-1997062c0ac-925bf8f3988f20d not found in project General (/General/Scripts/Script.sql)
2025-09-29 17:23:15.100 - Datasource mysql8-1997062c0ac-925bf8f3988f20d not found in project General (/General/Scripts/Script.sql)
2025-09-29 17:23:15.109 - Datasource mysql8-1997062c0ac-925bf8f3988f20d not found in project General (/General/Scripts/Script.sql)
2025-09-29 17:23:15.117 - Datasource mysql8-1997062c0ac-925bf8f3988f20d not found in project General (/General/Scripts/Script.sql)
2025-09-29 17:23:16.959 - Datasource mysql8-1997062c0ac-925bf8f3988f20d not found in project General (/General/Scripts/Script.sql)
2025-09-29 17:23:29.135 - Datasource mysql8-1997062c0ac-925bf8f3988f20d not found in project General (/General/Scripts/Script.sql)
2025-09-29 17:37:31.951 - Execution context opened (localhost; SQLEditor <Script-9.sql>; 14)
2025-09-29 17:37:36.791 - Execution context closed (localhost, 14)
2025-09-29 17:37:50.732 - Execution context opened (localhost; SQLEditor <Script-9.sql>; 15)
2025-09-29 17:53:12.655 - Cannot drop table 'user' referenced by a foreign key constraint 'buy_ibfk_1' on table 'buy'.
java.sql.SQLException: Cannot drop table 'user' referenced by a foreign key constraint 'buy_ibfk_1' on table 'buy'.
	at com.mysql.cj.jdbc.exceptions.SQLError.createSQLException(SQLError.java:130)
	at com.mysql.cj.jdbc.exceptions.SQLExceptionsMapping.translateException(SQLExceptionsMapping.java:122)
	at com.mysql.cj.jdbc.StatementImpl.executeInternal(StatementImpl.java:767)
	at com.mysql.cj.jdbc.StatementImpl.execute(StatementImpl.java:652)
	at org.jkiss.dbeaver.model.impl.jdbc.exec.JDBCStatementImpl.execute(JDBCStatementImpl.java:328)
	at org.jkiss.dbeaver.model.impl.jdbc.exec.JDBCStatementImpl.executeStatement(JDBCStatementImpl.java:132)
	at org.jkiss.dbeaver.model.exec.DBExecUtils.executePersistAction(DBExecUtils.java:358)
	at org.jkiss.dbeaver.model.impl.edit.AbstractObjectManager.executePersistAction(AbstractObjectManager.java:40)
	at org.jkiss.dbeaver.model.impl.edit.AbstractCommandContext.executeCommands(AbstractCommandContext.java:198)
	at org.jkiss.dbeaver.model.impl.edit.AbstractCommandContext.saveChanges(AbstractCommandContext.java:125)
	at org.jkiss.dbeaver.ui.navigator.actions.NavigatorHandlerObjectBase$ObjectSaver.run(NavigatorHandlerObjectBase.java:297)
	at org.jkiss.dbeaver.runtime.TasksJob.run(TasksJob.java:58)
	at org.jkiss.dbeaver.model.runtime.AbstractJob.run(AbstractJob.java:119)
	at org.eclipse.core.internal.jobs.Worker.run(Worker.java:63)
2025-09-29 17:54:59.991 - Datasource mysql8-1997062c0ac-925bf8f3988f20d not found in project General (/General/Scripts/Script.sql)
2025-09-29 17:55:00.001 - Datasource mysql8-1997062c0ac-925bf8f3988f20d not found in project General (/General/Scripts/Script.sql)
2025-09-29 17:55:00.015 - Execution context opened (localhost; SQLEditor <Script-4.sql>; 16)
2025-09-29 17:55:18.559 - Datasource mysql8-1997062c0ac-925bf8f3988f20d not found in project General (/General/Scripts/Script.sql)
2025-09-29 17:55:18.569 - Datasource mysql8-1997062c0ac-925bf8f3988f20d not found in project General (/General/Scripts/Script.sql)
2025-09-29 17:55:18.578 - Datasource mysql8-1997062c0ac-925bf8f3988f20d not found in project General (/General/Scripts/Script.sql)
2025-09-29 17:55:18.586 - Datasource mysql8-1997062c0ac-925bf8f3988f20d not found in project General (/General/Scripts/Script.sql)
2025-09-29 17:55:18.594 - Datasource mysql8-1997062c0ac-925bf8f3988f20d not found in project General (/General/Scripts/Script.sql)
2025-09-29 17:55:18.602 - Datasource mysql8-1997062c0ac-925bf8f3988f20d not found in project General (/General/Scripts/Script.sql)
2025-09-29 17:55:18.611 - Datasource mysql8-1997062c0ac-925bf8f3988f20d not found in project General (/General/Scripts/Script.sql)
2025-09-29 17:55:18.620 - Datasource mysql8-1997062c0ac-925bf8f3988f20d not found in project General (/General/Scripts/Script.sql)
2025-09-29 17:56:22.972 - Datasource mysql8-1997062c0ac-925bf8f3988f20d not found in project General (/General/Scripts/Script.sql)
2025-09-29 17:56:22.983 - Datasource mysql8-1997062c0ac-925bf8f3988f20d not found in project General (/General/Scripts/Script.sql)
2025-09-29 17:56:22.992 - Datasource mysql8-1997062c0ac-925bf8f3988f20d not found in project General (/General/Scripts/Script.sql)
2025-09-29 17:56:23.003 - Datasource mysql8-1997062c0ac-925bf8f3988f20d not found in project General (/General/Scripts/Script.sql)
2025-09-29 17:56:23.013 - Datasource mysql8-1997062c0ac-925bf8f3988f20d not found in project General (/General/Scripts/Script.sql)
2025-09-29 17:56:23.022 - Datasource mysql8-1997062c0ac-925bf8f3988f20d not found in project General (/General/Scripts/Script.sql)
2025-09-29 17:56:23.032 - Datasource mysql8-1997062c0ac-925bf8f3988f20d not found in project General (/General/Scripts/Script.sql)
2025-09-29 17:56:23.041 - Datasource mysql8-1997062c0ac-925bf8f3988f20d not found in project General (/General/Scripts/Script.sql)
2025-09-29 17:56:30.829 - Datasource mysql8-1997062c0ac-925bf8f3988f20d not found in project General (/General/Scripts/Script.sql)
2025-09-29 17:56:30.840 - Datasource mysql8-1997062c0ac-925bf8f3988f20d not found in project General (/General/Scripts/Script.sql)
2025-09-29 17:56:30.849 - Datasource mysql8-1997062c0ac-925bf8f3988f20d not found in project General (/General/Scripts/Script.sql)
2025-09-29 17:56:30.857 - Datasource mysql8-1997062c0ac-925bf8f3988f20d not found in project General (/General/Scripts/Script.sql)
2025-09-29 17:56:30.867 - Datasource mysql8-1997062c0ac-925bf8f3988f20d not found in project General (/General/Scripts/Script.sql)
2025-09-29 17:56:30.875 - Datasource mysql8-1997062c0ac-925bf8f3988f20d not found in project General (/General/Scripts/Script.sql)
2025-09-29 17:56:30.883 - Datasource mysql8-1997062c0ac-925bf8f3988f20d not found in project General (/General/Scripts/Script.sql)
2025-09-29 17:56:30.892 - Datasource mysql8-1997062c0ac-925bf8f3988f20d not found in project General (/General/Scripts/Script.sql)
2025-09-29 17:56:35.891 - SQL Error [1050] [42S01]: Table 'post' already exists
org.jkiss.dbeaver.model.sql.DBSQLException: SQL Error [1050] [42S01]: Table 'post' already exists
	at org.jkiss.dbeaver.model.impl.jdbc.exec.JDBCStatementImpl.executeStatement(JDBCStatementImpl.java:134)
	at org.jkiss.dbeaver.ui.editors.sql.execute.SQLQueryJob.executeStatement(SQLQueryJob.java:675)
	at org.jkiss.dbeaver.ui.editors.sql.execute.SQLQueryJob.lambda$2(SQLQueryJob.java:568)
	at org.jkiss.dbeaver.model.exec.DBExecUtils.tryExecuteRecover(DBExecUtils.java:189)
	at org.jkiss.dbeaver.ui.editors.sql.execute.SQLQueryJob.executeSingleElement(SQLQueryJob.java:587)
	at org.jkiss.dbeaver.ui.editors.sql.execute.SQLQueryJob.executeSingleQuery(SQLQueryJob.java:449)
	at org.jkiss.dbeaver.ui.editors.sql.execute.SQLQueryJob.extractData(SQLQueryJob.java:1061)
	at org.jkiss.dbeaver.ui.editors.sql.SQLEditor$QueryResultsContainer.readData(SQLEditor.java:4568)
	at org.jkiss.dbeaver.ui.controls.resultset.ResultSetJobDataRead.lambda$0(ResultSetJobDataRead.java:128)
	at org.jkiss.dbeaver.model.exec.DBExecUtils.tryExecuteRecover(DBExecUtils.java:189)
	at org.jkiss.dbeaver.ui.controls.resultset.ResultSetJobDataRead.run(ResultSetJobDataRead.java:126)
	at org.jkiss.dbeaver.ui.controls.resultset.ResultSetViewer$ResultSetDataPumpJob.run(ResultSetViewer.java:5155)
	at org.jkiss.dbeaver.model.runtime.AbstractJob.run(AbstractJob.java:119)
	at org.eclipse.core.internal.jobs.Worker.run(Worker.java:63)
Caused by: java.sql.SQLSyntaxErrorException: Table 'post' already exists
	at com.mysql.cj.jdbc.exceptions.SQLError.createSQLException(SQLError.java:121)
	at com.mysql.cj.jdbc.exceptions.SQLExceptionsMapping.translateException(SQLExceptionsMapping.java:122)
	at com.mysql.cj.jdbc.StatementImpl.executeInternal(StatementImpl.java:767)
	at com.mysql.cj.jdbc.StatementImpl.execute(StatementImpl.java:652)
	at org.jkiss.dbeaver.model.impl.jdbc.exec.JDBCStatementImpl.execute(JDBCStatementImpl.java:328)
	at org.jkiss.dbeaver.model.impl.jdbc.exec.JDBCStatementImpl.executeStatement(JDBCStatementImpl.java:132)
	... 13 more
2025-09-29 17:56:36.102 - Datasource mysql8-1997062c0ac-925bf8f3988f20d not found in project General (/General/Scripts/Script.sql)
2025-09-29 17:56:36.112 - Datasource mysql8-1997062c0ac-925bf8f3988f20d not found in project General (/General/Scripts/Script.sql)
2025-09-29 17:56:36.121 - Datasource mysql8-1997062c0ac-925bf8f3988f20d not found in project General (/General/Scripts/Script.sql)
2025-09-29 17:56:36.142 - Datasource mysql8-1997062c0ac-925bf8f3988f20d not found in project General (/General/Scripts/Script.sql)
2025-09-29 17:56:39.472 - SQL Error [1050] [42S01]: Table 'user' already exists
org.jkiss.dbeaver.model.sql.DBSQLException: SQL Error [1050] [42S01]: Table 'user' already exists
	at org.jkiss.dbeaver.model.impl.jdbc.exec.JDBCStatementImpl.executeStatement(JDBCStatementImpl.java:134)
	at org.jkiss.dbeaver.ui.editors.sql.execute.SQLQueryJob.executeStatement(SQLQueryJob.java:675)
	at org.jkiss.dbeaver.ui.editors.sql.execute.SQLQueryJob.lambda$2(SQLQueryJob.java:568)
	at org.jkiss.dbeaver.model.exec.DBExecUtils.tryExecuteRecover(DBExecUtils.java:189)
	at org.jkiss.dbeaver.ui.editors.sql.execute.SQLQueryJob.executeSingleElement(SQLQueryJob.java:587)
	at org.jkiss.dbeaver.ui.editors.sql.execute.SQLQueryJob.executeSingleQuery(SQLQueryJob.java:449)
	at org.jkiss.dbeaver.ui.editors.sql.execute.SQLQueryJob.extractData(SQLQueryJob.java:1061)
	at org.jkiss.dbeaver.ui.editors.sql.SQLEditor$QueryResultsContainer.readData(SQLEditor.java:4568)
	at org.jkiss.dbeaver.ui.controls.resultset.ResultSetJobDataRead.lambda$0(ResultSetJobDataRead.java:128)
	at org.jkiss.dbeaver.model.exec.DBExecUtils.tryExecuteRecover(DBExecUtils.java:189)
	at org.jkiss.dbeaver.ui.controls.resultset.ResultSetJobDataRead.run(ResultSetJobDataRead.java:126)
	at org.jkiss.dbeaver.ui.controls.resultset.ResultSetViewer$ResultSetDataPumpJob.run(ResultSetViewer.java:5155)
	at org.jkiss.dbeaver.model.runtime.AbstractJob.run(AbstractJob.java:119)
	at org.eclipse.core.internal.jobs.Worker.run(Worker.java:63)
Caused by: java.sql.SQLSyntaxErrorException: Table 'user' already exists
	at com.mysql.cj.jdbc.exceptions.SQLError.createSQLException(SQLError.java:121)
	at com.mysql.cj.jdbc.exceptions.SQLExceptionsMapping.translateException(SQLExceptionsMapping.java:122)
	at com.mysql.cj.jdbc.StatementImpl.executeInternal(StatementImpl.java:767)
	at com.mysql.cj.jdbc.StatementImpl.execute(StatementImpl.java:652)
	at org.jkiss.dbeaver.model.impl.jdbc.exec.JDBCStatementImpl.execute(JDBCStatementImpl.java:328)
	at org.jkiss.dbeaver.model.impl.jdbc.exec.JDBCStatementImpl.executeStatement(JDBCStatementImpl.java:132)
	... 13 more
2025-09-29 17:56:39.607 - Datasource mysql8-1997062c0ac-925bf8f3988f20d not found in project General (/General/Scripts/Script.sql)
2025-09-29 17:56:39.616 - Datasource mysql8-1997062c0ac-925bf8f3988f20d not found in project General (/General/Scripts/Script.sql)
2025-09-29 17:56:39.626 - Datasource mysql8-1997062c0ac-925bf8f3988f20d not found in project General (/General/Scripts/Script.sql)
2025-09-29 17:56:39.635 - Datasource mysql8-1997062c0ac-925bf8f3988f20d not found in project General (/General/Scripts/Script.sql)
2025-09-29 17:57:05.189 - Datasource mysql8-1997062c0ac-925bf8f3988f20d not found in project General (/General/Scripts/Script.sql)
2025-09-29 17:57:05.200 - Datasource mysql8-1997062c0ac-925bf8f3988f20d not found in project General (/General/Scripts/Script.sql)
2025-09-29 17:57:05.209 - Datasource mysql8-1997062c0ac-925bf8f3988f20d not found in project General (/General/Scripts/Script.sql)
2025-09-29 17:57:05.219 - Datasource mysql8-1997062c0ac-925bf8f3988f20d not found in project General (/General/Scripts/Script.sql)
2025-09-29 17:57:48.021 - Datasource mysql8-1997062c0ac-925bf8f3988f20d not found in project General (/General/Scripts/Script.sql)
2025-09-29 17:57:48.048 - Datasource mysql8-1997062c0ac-925bf8f3988f20d not found in project General (/General/Scripts/Script.sql)
2025-09-29 17:57:48.066 - Datasource mysql8-1997062c0ac-925bf8f3988f20d not found in project General (/General/Scripts/Script.sql)
2025-09-29 17:57:48.078 - Datasource mysql8-1997062c0ac-925bf8f3988f20d not found in project General (/General/Scripts/Script.sql)
2025-09-29 17:57:50.082 - Datasource mysql8-1997062c0ac-925bf8f3988f20d not found in project General (/General/Scripts/Script.sql)
2025-09-29 17:57:50.177 - Datasource mysql8-1997062c0ac-925bf8f3988f20d not found in project General (/General/Scripts/Script.sql)
2025-09-29 17:57:50.186 - Datasource mysql8-1997062c0ac-925bf8f3988f20d not found in project General (/General/Scripts/Script.sql)
2025-09-29 17:57:50.194 - Datasource mysql8-1997062c0ac-925bf8f3988f20d not found in project General (/General/Scripts/Script.sql)
2025-09-29 17:57:56.160 - SQL Error [1062] [23000]: Duplicate entry 'alice@example.com' for key 'user.useremail'
org.jkiss.dbeaver.model.sql.DBSQLException: SQL Error [1062] [23000]: Duplicate entry 'alice@example.com' for key 'user.useremail'
	at org.jkiss.dbeaver.model.impl.jdbc.exec.JDBCStatementImpl.executeStatement(JDBCStatementImpl.java:134)
	at org.jkiss.dbeaver.ui.editors.sql.execute.SQLQueryJob.executeStatement(SQLQueryJob.java:675)
	at org.jkiss.dbeaver.ui.editors.sql.execute.SQLQueryJob.lambda$2(SQLQueryJob.java:568)
	at org.jkiss.dbeaver.ui.editors.sql.execute.SQLQueryJob.executeSingleElement(SQLQueryJob.java:590)
	at org.jkiss.dbeaver.ui.editors.sql.execute.SQLQueryJob.executeSingleQuery(SQLQueryJob.java:449)
	at org.jkiss.dbeaver.ui.editors.sql.execute.SQLQueryJob.extractData(SQLQueryJob.java:1061)
	at org.jkiss.dbeaver.ui.editors.sql.SQLEditor$QueryResultsContainer.readData(SQLEditor.java:4568)
	at org.jkiss.dbeaver.ui.controls.resultset.ResultSetJobDataRead.lambda$0(ResultSetJobDataRead.java:128)
	at org.jkiss.dbeaver.model.exec.DBExecUtils.tryExecuteRecover(DBExecUtils.java:189)
	at org.jkiss.dbeaver.ui.controls.resultset.ResultSetJobDataRead.run(ResultSetJobDataRead.java:126)
	at org.jkiss.dbeaver.ui.controls.resultset.ResultSetViewer$ResultSetDataPumpJob.run(ResultSetViewer.java:5155)
	at org.jkiss.dbeaver.model.runtime.AbstractJob.run(AbstractJob.java:119)
	at org.eclipse.core.internal.jobs.Worker.run(Worker.java:63)
Caused by: java.sql.SQLIntegrityConstraintViolationException: Duplicate entry 'alice@example.com' for key 'user.useremail'
	at com.mysql.cj.jdbc.exceptions.SQLError.createSQLException(SQLError.java:118)
	at com.mysql.cj.jdbc.exceptions.SQLExceptionsMapping.translateException(SQLExceptionsMapping.java:122)
	at com.mysql.cj.jdbc.StatementImpl.executeInternal(StatementImpl.java:767)
	at com.mysql.cj.jdbc.StatementImpl.execute(StatementImpl.java:652)
	at org.jkiss.dbeaver.model.impl.jdbc.exec.JDBCStatementImpl.execute(JDBCStatementImpl.java:328)
	at org.jkiss.dbeaver.model.impl.jdbc.exec.JDBCStatementImpl.executeStatement(JDBCStatementImpl.java:132)
	... 12 more
2025-09-29 17:57:56.486 - Datasource mysql8-1997062c0ac-925bf8f3988f20d not found in project General (/General/Scripts/Script.sql)
2025-09-29 17:57:56.496 - Datasource mysql8-1997062c0ac-925bf8f3988f20d not found in project General (/General/Scripts/Script.sql)
2025-09-29 17:57:56.504 - Datasource mysql8-1997062c0ac-925bf8f3988f20d not found in project General (/General/Scripts/Script.sql)
2025-09-29 17:57:56.513 - Datasource mysql8-1997062c0ac-925bf8f3988f20d not found in project General (/General/Scripts/Script.sql)
2025-09-29 17:57:56.521 - Datasource mysql8-1997062c0ac-925bf8f3988f20d not found in project General (/General/Scripts/Script.sql)
2025-09-29 17:57:56.529 - Datasource mysql8-1997062c0ac-925bf8f3988f20d not found in project General (/General/Scripts/Script.sql)
2025-09-29 17:57:56.539 - Datasource mysql8-1997062c0ac-925bf8f3988f20d not found in project General (/General/Scripts/Script.sql)
2025-09-29 17:57:56.548 - Datasource mysql8-1997062c0ac-925bf8f3988f20d not found in project General (/General/Scripts/Script.sql)
2025-09-29 17:58:00.804 - Datasource mysql8-1997062c0ac-925bf8f3988f20d not found in project General (/General/Scripts/Script.sql)
2025-09-29 17:58:00.842 - Datasource mysql8-1997062c0ac-925bf8f3988f20d not found in project General (/General/Scripts/Script.sql)
2025-09-29 17:58:00.857 - Datasource mysql8-1997062c0ac-925bf8f3988f20d not found in project General (/General/Scripts/Script.sql)
2025-09-29 17:58:00.870 - Datasource mysql8-1997062c0ac-925bf8f3988f20d not found in project General (/General/Scripts/Script.sql)
2025-09-29 17:58:02.562 - Datasource mysql8-1997062c0ac-925bf8f3988f20d not found in project General (/General/Scripts/Script.sql)
2025-09-29 17:58:02.571 - Datasource mysql8-1997062c0ac-925bf8f3988f20d not found in project General (/General/Scripts/Script.sql)
2025-09-29 17:58:02.581 - Datasource mysql8-1997062c0ac-925bf8f3988f20d not found in project General (/General/Scripts/Script.sql)
2025-09-29 17:58:02.591 - Datasource mysql8-1997062c0ac-925bf8f3988f20d not found in project General (/General/Scripts/Script.sql)
2025-09-29 17:59:23.565 - Datasource mysql8-1997062c0ac-925bf8f3988f20d not found in project General (/General/Scripts/Script.sql)
2025-09-29 17:59:23.585 - Datasource mysql8-1997062c0ac-925bf8f3988f20d not found in project General (/General/Scripts/Script.sql)
2025-09-29 17:59:24.022 - Datasource mysql8-1997062c0ac-925bf8f3988f20d not found in project General (/General/Scripts/Script.sql)
2025-09-29 17:59:33.605 - Cannot find table 'buy' in 'testdb'
2025-09-29 17:59:33.606 - Cannot find table 'product' in 'testdb'
2025-09-29 17:59:33.864 - PK (2) or FK (1) table(s) not found for relation buy_ibfk_2
2025-09-29 17:59:33.865 - PK (3) or FK (1) table(s) not found for relation buy_ibfk_1
2025-09-29 17:59:41.699 - Cannot find table 'buy' in 'testdb'
2025-09-29 17:59:41.700 - Cannot find table 'product' in 'testdb'
2025-09-29 17:59:41.718 - PK (2) or FK (1) table(s) not found for relation buy_ibfk_2
2025-09-29 17:59:41.718 - PK (3) or FK (1) table(s) not found for relation buy_ibfk_1
2025-09-29 18:02:31.509 - Datasource mysql8-1997062c0ac-925bf8f3988f20d not found in project General (/General/Scripts/Script.sql)
2025-09-29 18:02:31.532 - Datasource mysql8-1997062c0ac-925bf8f3988f20d not found in project General (/General/Scripts/Script.sql)
2025-09-29 18:02:31.544 - Datasource mysql8-1997062c0ac-925bf8f3988f20d not found in project General (/General/Scripts/Script.sql)
2025-09-29 18:02:31.557 - Datasource mysql8-1997062c0ac-925bf8f3988f20d not found in project General (/General/Scripts/Script.sql)
2025-09-29 18:02:46.774 - Datasource mysql8-1997062c0ac-925bf8f3988f20d not found in project General (/General/Scripts/Script.sql)
2025-09-29 18:02:46.786 - Datasource mysql8-1997062c0ac-925bf8f3988f20d not found in project General (/General/Scripts/Script.sql)
2025-09-29 18:02:48.147 - Datasource mysql8-1997062c0ac-925bf8f3988f20d not found in project General (/General/Scripts/Script.sql)
2025-09-29 18:02:48.183 - Datasource mysql8-1997062c0ac-925bf8f3988f20d not found in project General (/General/Scripts/Script.sql)
2025-09-29 18:02:59.914 - Datasource mysql8-1997062c0ac-925bf8f3988f20d not found in project General (/General/Scripts/Script.sql)
2025-09-29 18:02:59.923 - Datasource mysql8-1997062c0ac-925bf8f3988f20d not found in project General (/General/Scripts/Script.sql)
2025-09-29 18:03:01.422 - Datasource mysql8-1997062c0ac-925bf8f3988f20d not found in project General (/General/Scripts/Script.sql)
2025-09-29 18:03:01.431 - Datasource mysql8-1997062c0ac-925bf8f3988f20d not found in project General (/General/Scripts/Script.sql)
2025-09-29 18:03:02.440 - Datasource mysql8-1997062c0ac-925bf8f3988f20d not found in project General (/General/Scripts/Script.sql)
2025-09-29 18:03:02.450 - Datasource mysql8-1997062c0ac-925bf8f3988f20d not found in project General (/General/Scripts/Script.sql)
2025-09-29 18:03:03.485 - Datasource mysql8-1997062c0ac-925bf8f3988f20d not found in project General (/General/Scripts/Script.sql)
2025-09-29 18:03:03.497 - Datasource mysql8-1997062c0ac-925bf8f3988f20d not found in project General (/General/Scripts/Script.sql)
2025-09-29 18:03:03.507 - Datasource mysql8-1997062c0ac-925bf8f3988f20d not found in project General (/General/Scripts/Script.sql)
2025-09-29 18:03:03.517 - Datasource mysql8-1997062c0ac-925bf8f3988f20d not found in project General (/General/Scripts/Script.sql)
2025-09-29 18:03:08.902 - Datasource mysql8-1997062c0ac-925bf8f3988f20d not found in project General (/General/Scripts/Script.sql)
2025-09-29 18:03:08.914 - Datasource mysql8-1997062c0ac-925bf8f3988f20d not found in project General (/General/Scripts/Script.sql)
2025-09-29 18:03:09.429 - Datasource mysql8-1997062c0ac-925bf8f3988f20d not found in project General (/General/Scripts/Script.sql)
2025-09-29 18:03:09.459 - Datasource mysql8-1997062c0ac-925bf8f3988f20d not found in project General (/General/Scripts/Script.sql)
2025-09-29 18:03:11.455 - Datasource mysql8-1997062c0ac-925bf8f3988f20d not found in project General (/General/Scripts/Script.sql)
2025-09-29 18:03:11.468 - Datasource mysql8-1997062c0ac-925bf8f3988f20d not found in project General (/General/Scripts/Script.sql)
2025-09-29 18:03:12.710 - Datasource mysql8-1997062c0ac-925bf8f3988f20d not found in project General (/General/Scripts/Script.sql)
2025-09-29 18:03:12.725 - Datasource mysql8-1997062c0ac-925bf8f3988f20d not found in project General (/General/Scripts/Script.sql)
2025-09-29 18:03:13.309 - Datasource mysql8-1997062c0ac-925bf8f3988f20d not found in project General (/General/Scripts/Script.sql)
2025-09-29 18:03:13.325 - Datasource mysql8-1997062c0ac-925bf8f3988f20d not found in project General (/General/Scripts/Script.sql)
2025-09-29 18:03:13.875 - Datasource mysql8-1997062c0ac-925bf8f3988f20d not found in project General (/General/Scripts/Script.sql)
2025-09-29 18:03:13.893 - Datasource mysql8-1997062c0ac-925bf8f3988f20d not found in project General (/General/Scripts/Script.sql)
2025-09-29 18:03:19.178 - Datasource mysql8-1997062c0ac-925bf8f3988f20d not found in project General (/General/Scripts/Script.sql)
2025-09-29 18:03:19.189 - Datasource mysql8-1997062c0ac-925bf8f3988f20d not found in project General (/General/Scripts/Script.sql)
2025-09-29 18:03:21.763 - Datasource mysql8-1997062c0ac-925bf8f3988f20d not found in project General (/General/Scripts/Script.sql)
2025-09-29 18:03:21.780 - Datasource mysql8-1997062c0ac-925bf8f3988f20d not found in project General (/General/Scripts/Script.sql)
2025-09-29 18:03:26.003 - Datasource mysql8-1997062c0ac-925bf8f3988f20d not found in project General (/General/Scripts/Script.sql)
2025-09-29 18:03:26.013 - Datasource mysql8-1997062c0ac-925bf8f3988f20d not found in project General (/General/Scripts/Script.sql)
2025-09-29 18:03:26.923 - Datasource mysql8-1997062c0ac-925bf8f3988f20d not found in project General (/General/Scripts/Script.sql)
2025-09-29 18:03:26.933 - Datasource mysql8-1997062c0ac-925bf8f3988f20d not found in project General (/General/Scripts/Script.sql)
2025-09-29 18:03:27.937 - Datasource mysql8-1997062c0ac-925bf8f3988f20d not found in project General (/General/Scripts/Script.sql)
2025-09-29 18:03:27.968 - Datasource mysql8-1997062c0ac-925bf8f3988f20d not found in project General (/General/Scripts/Script.sql)
2025-09-29 18:03:31.631 - Datasource mysql8-1997062c0ac-925bf8f3988f20d not found in project General (/General/Scripts/Script.sql)
2025-09-29 18:03:31.646 - Datasource mysql8-1997062c0ac-925bf8f3988f20d not found in project General (/General/Scripts/Script.sql)
2025-09-29 18:03:34.767 - Datasource mysql8-1997062c0ac-925bf8f3988f20d not found in project General (/General/Scripts/Script.sql)
2025-09-29 18:03:34.778 - Datasource mysql8-1997062c0ac-925bf8f3988f20d not found in project General (/General/Scripts/Script.sql)
2025-09-29 18:03:34.786 - Datasource mysql8-1997062c0ac-925bf8f3988f20d not found in project General (/General/Scripts/Script.sql)
2025-09-29 18:03:34.795 - Datasource mysql8-1997062c0ac-925bf8f3988f20d not found in project General (/General/Scripts/Script.sql)
2025-09-29 18:03:37.030 - Datasource mysql8-1997062c0ac-925bf8f3988f20d not found in project General (/General/Scripts/Script.sql)
2025-09-29 18:03:37.060 - Datasource mysql8-1997062c0ac-925bf8f3988f20d not found in project General (/General/Scripts/Script.sql)
2025-09-29 18:04:41.946 - Datasource mysql8-1997062c0ac-925bf8f3988f20d not found in project General (/General/Scripts/Script.sql)
2025-09-29 18:04:41.957 - Datasource mysql8-1997062c0ac-925bf8f3988f20d not found in project General (/General/Scripts/Script.sql)
2025-09-29 18:04:41.966 - Datasource mysql8-1997062c0ac-925bf8f3988f20d not found in project General (/General/Scripts/Script.sql)
2025-09-29 18:04:41.975 - Datasource mysql8-1997062c0ac-925bf8f3988f20d not found in project General (/General/Scripts/Script.sql)
2025-09-29 18:04:43.857 - Datasource mysql8-1997062c0ac-925bf8f3988f20d not found in project General (/General/Scripts/Script.sql)
2025-09-29 18:04:43.871 - Datasource mysql8-1997062c0ac-925bf8f3988f20d not found in project General (/General/Scripts/Script.sql)
2025-09-29 18:04:43.881 - Datasource mysql8-1997062c0ac-925bf8f3988f20d not found in project General (/General/Scripts/Script.sql)
2025-09-29 18:04:43.890 - Datasource mysql8-1997062c0ac-925bf8f3988f20d not found in project General (/General/Scripts/Script.sql)
2025-09-29 18:04:44.416 - Datasource mysql8-1997062c0ac-925bf8f3988f20d not found in project General (/General/Scripts/Script.sql)
2025-09-29 18:04:44.427 - Datasource mysql8-1997062c0ac-925bf8f3988f20d not found in project General (/General/Scripts/Script.sql)
2025-09-29 18:04:44.445 - Datasource mysql8-1997062c0ac-925bf8f3988f20d not found in project General (/General/Scripts/Script.sql)
2025-09-29 18:04:44.463 - Datasource mysql8-1997062c0ac-925bf8f3988f20d not found in project General (/General/Scripts/Script.sql)
2025-09-29 18:04:48.073 - Datasource mysql8-1997062c0ac-925bf8f3988f20d not found in project General (/General/Scripts/Script.sql)
2025-09-29 18:04:48.082 - Datasource mysql8-1997062c0ac-925bf8f3988f20d not found in project General (/General/Scripts/Script.sql)
2025-09-29 18:04:48.092 - Datasource mysql8-1997062c0ac-925bf8f3988f20d not found in project General (/General/Scripts/Script.sql)
2025-09-29 18:04:48.100 - Datasource mysql8-1997062c0ac-925bf8f3988f20d not found in project General (/General/Scripts/Script.sql)
2025-09-29 18:04:48.108 - Datasource mysql8-1997062c0ac-925bf8f3988f20d not found in project General (/General/Scripts/Script.sql)
2025-09-29 18:04:48.116 - Datasource mysql8-1997062c0ac-925bf8f3988f20d not found in project General (/General/Scripts/Script.sql)
2025-09-29 18:04:48.725 - Datasource mysql8-1997062c0ac-925bf8f3988f20d not found in project General (/General/Scripts/Script.sql)
2025-09-29 18:04:48.740 - Datasource mysql8-1997062c0ac-925bf8f3988f20d not found in project General (/General/Scripts/Script.sql)
2025-09-29 18:05:33.905 - Datasource mysql8-1997062c0ac-925bf8f3988f20d not found in project General (/General/Scripts/Script.sql)
2025-09-29 18:05:33.915 - Datasource mysql8-1997062c0ac-925bf8f3988f20d not found in project General (/General/Scripts/Script.sql)
2025-09-29 18:05:36.204 - Datasource mysql8-1997062c0ac-925bf8f3988f20d not found in project General (/General/Scripts/Script.sql)
2025-09-29 18:05:36.219 - Datasource mysql8-1997062c0ac-925bf8f3988f20d not found in project General (/General/Scripts/Script.sql)
2025-09-29 18:05:43.830 - Datasource mysql8-1997062c0ac-925bf8f3988f20d not found in project General (/General/Scripts/Script.sql)
2025-09-29 18:05:43.839 - Datasource mysql8-1997062c0ac-925bf8f3988f20d not found in project General (/General/Scripts/Script.sql)
2025-09-29 18:05:46.312 - Datasource mysql8-1997062c0ac-925bf8f3988f20d not found in project General (/General/Scripts/Script.sql)
2025-09-29 18:05:46.322 - Datasource mysql8-1997062c0ac-925bf8f3988f20d not found in project General (/General/Scripts/Script.sql)
2025-09-29 18:05:56.554 - Datasource mysql8-1997062c0ac-925bf8f3988f20d not found in project General (/General/Scripts/Script.sql)
2025-09-29 18:05:56.568 - Datasource mysql8-1997062c0ac-925bf8f3988f20d not found in project General (/General/Scripts/Script.sql)
2025-09-29 18:05:58.173 - Datasource mysql8-1997062c0ac-925bf8f3988f20d not found in project General (/General/Scripts/Script.sql)
2025-09-29 18:05:58.266 - Datasource mysql8-1997062c0ac-925bf8f3988f20d not found in project General (/General/Scripts/Script.sql)
2025-09-29 18:05:58.276 - Datasource mysql8-1997062c0ac-925bf8f3988f20d not found in project General (/General/Scripts/Script.sql)
2025-09-29 18:05:58.286 - Datasource mysql8-1997062c0ac-925bf8f3988f20d not found in project General (/General/Scripts/Script.sql)
2025-09-29 18:06:06.113 - Datasource mysql8-1997062c0ac-925bf8f3988f20d not found in project General (/General/Scripts/Script.sql)
2025-09-29 18:06:06.141 - Datasource mysql8-1997062c0ac-925bf8f3988f20d not found in project General (/General/Scripts/Script.sql)
2025-09-29 18:06:09.687 - Datasource mysql8-1997062c0ac-925bf8f3988f20d not found in project General (/General/Scripts/Script.sql)
2025-09-29 18:06:09.699 - Datasource mysql8-1997062c0ac-925bf8f3988f20d not found in project General (/General/Scripts/Script.sql)
2025-09-29 18:06:11.183 - Datasource mysql8-1997062c0ac-925bf8f3988f20d not found in project General (/General/Scripts/Script.sql)
2025-09-29 18:06:11.192 - Datasource mysql8-1997062c0ac-925bf8f3988f20d not found in project General (/General/Scripts/Script.sql)
2025-09-29 18:06:11.202 - Datasource mysql8-1997062c0ac-925bf8f3988f20d not found in project General (/General/Scripts/Script.sql)
2025-09-29 18:06:11.211 - Datasource mysql8-1997062c0ac-925bf8f3988f20d not found in project General (/General/Scripts/Script.sql)
2025-09-29 18:06:12.291 - Datasource mysql8-1997062c0ac-925bf8f3988f20d not found in project General (/General/Scripts/Script.sql)
2025-09-29 18:06:12.316 - Datasource mysql8-1997062c0ac-925bf8f3988f20d not found in project General (/General/Scripts/Script.sql)
2025-09-29 18:06:18.200 - Datasource mysql8-1997062c0ac-925bf8f3988f20d not found in project General (/General/Scripts/Script.sql)
2025-09-29 18:06:18.218 - Datasource mysql8-1997062c0ac-925bf8f3988f20d not found in project General (/General/Scripts/Script.sql)
2025-09-29 18:06:21.782 - Datasource mysql8-1997062c0ac-925bf8f3988f20d not found in project General (/General/Scripts/Script.sql)
2025-09-29 18:06:21.791 - Datasource mysql8-1997062c0ac-925bf8f3988f20d not found in project General (/General/Scripts/Script.sql)
2025-09-29 18:06:21.800 - Datasource mysql8-1997062c0ac-925bf8f3988f20d not found in project General (/General/Scripts/Script.sql)
2025-09-29 18:06:21.809 - Datasource mysql8-1997062c0ac-925bf8f3988f20d not found in project General (/General/Scripts/Script.sql)
2025-09-29 18:06:23.183 - Datasource mysql8-1997062c0ac-925bf8f3988f20d not found in project General (/General/Scripts/Script.sql)
2025-09-29 18:06:23.199 - Datasource mysql8-1997062c0ac-925bf8f3988f20d not found in project General (/General/Scripts/Script.sql)
2025-09-29 18:06:23.209 - Datasource mysql8-1997062c0ac-925bf8f3988f20d not found in project General (/General/Scripts/Script.sql)
2025-09-29 18:06:23.219 - Datasource mysql8-1997062c0ac-925bf8f3988f20d not found in project General (/General/Scripts/Script.sql)
2025-09-29 18:06:29.686 - Datasource mysql8-1997062c0ac-925bf8f3988f20d not found in project General (/General/Scripts/Script.sql)
2025-09-29 18:06:29.705 - Datasource mysql8-1997062c0ac-925bf8f3988f20d not found in project General (/General/Scripts/Script.sql)
2025-09-29 18:06:29.716 - Datasource mysql8-1997062c0ac-925bf8f3988f20d not found in project General (/General/Scripts/Script.sql)
2025-09-29 18:06:29.727 - Datasource mysql8-1997062c0ac-925bf8f3988f20d not found in project General (/General/Scripts/Script.sql)
2025-09-29 18:06:30.930 - Datasource mysql8-1997062c0ac-925bf8f3988f20d not found in project General (/General/Scripts/Script.sql)
2025-09-29 18:06:30.939 - Datasource mysql8-1997062c0ac-925bf8f3988f20d not found in project General (/General/Scripts/Script.sql)
2025-09-29 18:06:30.949 - Datasource mysql8-1997062c0ac-925bf8f3988f20d not found in project General (/General/Scripts/Script.sql)
2025-09-29 18:06:30.958 - Datasource mysql8-1997062c0ac-925bf8f3988f20d not found in project General (/General/Scripts/Script.sql)
2025-09-29 18:06:33.984 - Datasource mysql8-1997062c0ac-925bf8f3988f20d not found in project General (/General/Scripts/Script.sql)
2025-09-29 18:06:33.994 - Datasource mysql8-1997062c0ac-925bf8f3988f20d not found in project General (/General/Scripts/Script.sql)
2025-09-29 18:06:34.004 - Datasource mysql8-1997062c0ac-925bf8f3988f20d not found in project General (/General/Scripts/Script.sql)
2025-09-29 18:06:34.014 - Datasource mysql8-1997062c0ac-925bf8f3988f20d not found in project General (/General/Scripts/Script.sql)
2025-09-29 18:06:56.207 - Datasource mysql8-1997062c0ac-925bf8f3988f20d not found in project General (/General/Scripts/Script.sql)
2025-09-29 18:06:56.220 - Datasource mysql8-1997062c0ac-925bf8f3988f20d not found in project General (/General/Scripts/Script.sql)
2025-09-29 18:08:05.736 - SQL Error [1064] [42000]: You have an error in your SQL syntax; check the manual that corresponds to your MySQL server version for the right syntax to use near 'order by p.postId desc' at line 1

Error position:
org.jkiss.dbeaver.model.sql.DBSQLException: SQL Error [1064] [42000]: You have an error in your SQL syntax; check the manual that corresponds to your MySQL server version for the right syntax to use near 'order by p.postId desc' at line 1
	at org.jkiss.dbeaver.model.impl.jdbc.exec.JDBCStatementImpl.executeStatement(JDBCStatementImpl.java:134)
	at org.jkiss.dbeaver.ui.editors.sql.execute.SQLQueryJob.executeStatement(SQLQueryJob.java:675)
	at org.jkiss.dbeaver.ui.editors.sql.execute.SQLQueryJob.lambda$2(SQLQueryJob.java:568)
	at org.jkiss.dbeaver.model.exec.DBExecUtils.tryExecuteRecover(DBExecUtils.java:189)
	at org.jkiss.dbeaver.ui.editors.sql.execute.SQLQueryJob.executeSingleElement(SQLQueryJob.java:587)
	at org.jkiss.dbeaver.ui.editors.sql.execute.SQLQueryJob.executeSingleQuery(SQLQueryJob.java:449)
	at org.jkiss.dbeaver.ui.editors.sql.execute.SQLQueryJob.extractData(SQLQueryJob.java:1061)
	at org.jkiss.dbeaver.ui.editors.sql.SQLEditor$QueryResultsContainer.readData(SQLEditor.java:4568)
	at org.jkiss.dbeaver.ui.controls.resultset.ResultSetJobDataRead.lambda$0(ResultSetJobDataRead.java:128)
	at org.jkiss.dbeaver.model.exec.DBExecUtils.tryExecuteRecover(DBExecUtils.java:189)
	at org.jkiss.dbeaver.ui.controls.resultset.ResultSetJobDataRead.run(ResultSetJobDataRead.java:126)
	at org.jkiss.dbeaver.ui.controls.resultset.ResultSetViewer$ResultSetDataPumpJob.run(ResultSetViewer.java:5155)
	at org.jkiss.dbeaver.model.runtime.AbstractJob.run(AbstractJob.java:119)
	at org.eclipse.core.internal.jobs.Worker.run(Worker.java:63)
Caused by: java.sql.SQLSyntaxErrorException: You have an error in your SQL syntax; check the manual that corresponds to your MySQL server version for the right syntax to use near 'order by p.postId desc' at line 1
	at com.mysql.cj.jdbc.exceptions.SQLError.createSQLException(SQLError.java:121)
	at com.mysql.cj.jdbc.exceptions.SQLExceptionsMapping.translateException(SQLExceptionsMapping.java:122)
	at com.mysql.cj.jdbc.StatementImpl.executeInternal(StatementImpl.java:767)
	at com.mysql.cj.jdbc.StatementImpl.execute(StatementImpl.java:652)
	at org.jkiss.dbeaver.model.impl.jdbc.exec.JDBCStatementImpl.execute(JDBCStatementImpl.java:328)
	at org.jkiss.dbeaver.model.impl.jdbc.exec.JDBCStatementImpl.executeStatement(JDBCStatementImpl.java:132)
	... 13 more
2025-09-29 18:08:05.942 - Datasource mysql8-1997062c0ac-925bf8f3988f20d not found in project General (/General/Scripts/Script.sql)
2025-09-29 18:08:05.951 - Datasource mysql8-1997062c0ac-925bf8f3988f20d not found in project General (/General/Scripts/Script.sql)
2025-09-29 18:08:05.962 - Datasource mysql8-1997062c0ac-925bf8f3988f20d not found in project General (/General/Scripts/Script.sql)
2025-09-29 18:08:05.970 - Datasource mysql8-1997062c0ac-925bf8f3988f20d not found in project General (/General/Scripts/Script.sql)
2025-09-29 18:08:27.199 - Datasource mysql8-1997062c0ac-925bf8f3988f20d not found in project General (/General/Scripts/Script.sql)
2025-09-29 18:09:02.633 - Datasource mysql8-1997062c0ac-925bf8f3988f20d not found in project General (/General/Scripts/Script.sql)
2025-09-29 18:09:02.638 - Datasource mysql8-1997062c0ac-925bf8f3988f20d not found in project General (/General/Scripts/Script.sql)
2025-09-29 18:09:02.648 - Datasource mysql8-1997062c0ac-925bf8f3988f20d not found in project General (/General/Scripts/Script.sql)
2025-09-29 18:09:02.914 - Datasource mysql8-1997062c0ac-925bf8f3988f20d not found in project General (/General/Scripts/Script.sql)
2025-09-29 18:09:19.249 - Datasource mysql8-1997062c0ac-925bf8f3988f20d not found in project General (/General/Scripts/Script.sql)
2025-09-29 18:09:19.261 - Datasource mysql8-1997062c0ac-925bf8f3988f20d not found in project General (/General/Scripts/Script.sql)
2025-09-29 18:09:19.262 - Datasource mysql8-1997062c0ac-925bf8f3988f20d not found in project General (/General/Scripts/Script.sql)
2025-09-29 18:09:26.031 - Datasource mysql8-1997062c0ac-925bf8f3988f20d not found in project General (/General/Scripts/Script.sql)
2025-09-29 18:09:26.043 - Datasource mysql8-1997062c0ac-925bf8f3988f20d not found in project General (/General/Scripts/Script.sql)
2025-09-29 18:09:26.045 - Datasource mysql8-1997062c0ac-925bf8f3988f20d not found in project General (/General/Scripts/Script.sql)
2025-09-29 18:09:32.773 - Datasource mysql8-1997062c0ac-925bf8f3988f20d not found in project General (/General/Scripts/Script.sql)
2025-09-29 18:09:32.784 - Datasource mysql8-1997062c0ac-925bf8f3988f20d not found in project General (/General/Scripts/Script.sql)
2025-09-29 18:09:32.786 - Datasource mysql8-1997062c0ac-925bf8f3988f20d not found in project General (/General/Scripts/Script.sql)
2025-09-29 18:09:38.858 - Datasource mysql8-1997062c0ac-925bf8f3988f20d not found in project General (/General/Scripts/Script.sql)
2025-09-29 18:09:38.870 - Datasource mysql8-1997062c0ac-925bf8f3988f20d not found in project General (/General/Scripts/Script.sql)
2025-09-29 18:09:38.871 - Datasource mysql8-1997062c0ac-925bf8f3988f20d not found in project General (/General/Scripts/Script.sql)
2025-09-29 18:09:46.622 - Datasource mysql8-1997062c0ac-925bf8f3988f20d not found in project General (/General/Scripts/Script.sql)
2025-09-29 18:09:46.632 - Datasource mysql8-1997062c0ac-925bf8f3988f20d not found in project General (/General/Scripts/Script.sql)
2025-09-29 18:09:46.633 - Datasource mysql8-1997062c0ac-925bf8f3988f20d not found in project General (/General/Scripts/Script.sql)
2025-09-29 18:09:47.161 - SWT resource leak detected
java.lang.Error: SWT Resource was not properly disposed
	at org.eclipse.swt.graphics.Resource.initNonDisposeTracking(Resource.java:191)
	at org.eclipse.swt.graphics.Resource.<init>(Resource.java:124)
	at org.eclipse.swt.graphics.Image.<init>(Image.java:229)
	at org.jkiss.dbeaver.ui.editors.sql.SQLEditor.doSetInput(SQLEditor.java:2431)
	at org.eclipse.ui.texteditor.AbstractTextEditor.setInputWithNotify(AbstractTextEditor.java:4249)
	at org.eclipse.ui.texteditor.AbstractTextEditor.setInput(AbstractTextEditor.java:4269)
	at org.eclipse.ui.texteditor.AbstractTextEditor$ElementStateListener$1.run(AbstractTextEditor.java:537)
	at org.eclipse.ui.texteditor.AbstractTextEditor$ElementStateListener.execute(AbstractTextEditor.java:598)
	at org.eclipse.ui.texteditor.AbstractTextEditor$ElementStateListener.elementMoved(AbstractTextEditor.java:565)
	at org.eclipse.ui.editors.text.TextFileDocumentProvider$FileBufferListener.underlyingFileMoved(TextFileDocumentProvider.java:335)
	at org.eclipse.core.internal.filebuffers.TextFileBufferManager$6.run(TextFileBufferManager.java:710)
	at org.eclipse.core.runtime.SafeRunner.run(SafeRunner.java:47)
	at org.eclipse.core.internal.filebuffers.TextFileBufferManager.fireUnderlyingFileMoved(TextFileBufferManager.java:707)
	at org.eclipse.core.internal.filebuffers.ResourceFileBuffer.handleFileMoved(ResourceFileBuffer.java:422)
	at org.eclipse.core.internal.filebuffers.ResourceFileBuffer$FileSynchronizer$3.execute(ResourceFileBuffer.java:163)
	at org.eclipse.core.internal.filebuffers.ResourceFileBuffer$SafeFileChange.run(ResourceFileBuffer.java:86)
	at org.eclipse.swt.widgets.RunnableLock.run(RunnableLock.java:40)
	at org.eclipse.swt.widgets.Synchronizer.runAsyncMessages(Synchronizer.java:132)
	at org.eclipse.swt.widgets.Display.runAsyncMessages(Display.java:4111)
	at org.eclipse.swt.widgets.Display.readAndDispatch(Display.java:3727)
	at org.eclipse.jface.operation.ModalContext$ModalContextThread.block(ModalContext.java:167)
	at org.eclipse.jface.operation.ModalContext.run(ModalContext.java:369)
	at org.eclipse.ui.internal.WorkbenchWindow.lambda$7(WorkbenchWindow.java:2335)
	at org.eclipse.swt.custom.BusyIndicator.showWhile(BusyIndicator.java:67)
	at org.eclipse.ui.internal.WorkbenchWindow.run(WorkbenchWindow.java:2332)
	at org.jkiss.dbeaver.runtime.RunnableContextDelegate.run(RunnableContextDelegate.java:39)
	at org.jkiss.dbeaver.ui.UIUtils.runInProgressService(UIUtils.java:1852)
	at org.jkiss.dbeaver.ui.navigator.actions.NavigatorHandlerObjectRename.renameNode(NavigatorHandlerObjectRename.java:88)
	at org.jkiss.dbeaver.ui.navigator.actions.NavigatorHandlerObjectRename.execute(NavigatorHandlerObjectRename.java:62)
	at org.eclipse.ui.internal.handlers.HandlerProxy.execute(HandlerProxy.java:277)
	at org.eclipse.ui.internal.handlers.E4HandlerProxy.execute(E4HandlerProxy.java:98)
	at java.base/jdk.internal.reflect.DirectMethodHandleAccessor.invoke(Unknown Source)
	at java.base/java.lang.reflect.Method.invoke(Unknown Source)
	at org.eclipse.e4.core.internal.di.MethodRequestor.execute(MethodRequestor.java:56)
	at org.eclipse.e4.core.internal.di.InjectorImpl.invokeUsingClass(InjectorImpl.java:299)
	at org.eclipse.e4.core.internal.di.InjectorImpl.invoke(InjectorImpl.java:233)
	at org.eclipse.e4.core.contexts.ContextInjectionFactory.invoke(ContextInjectionFactory.java:174)
	at org.eclipse.e4.core.commands.internal.HandlerServiceHandler.execute(HandlerServiceHandler.java:165)
	at org.eclipse.core.commands.Command.executeWithChecks(Command.java:488)
	at org.eclipse.core.commands.ParameterizedCommand.executeWithChecks(ParameterizedCommand.java:485)
	at org.eclipse.e4.core.commands.internal.HandlerServiceImpl.executeHandler(HandlerServiceImpl.java:204)
	at org.eclipse.e4.ui.workbench.renderers.swt.HandledContributionItem.executeItem(HandledContributionItem.java:444)
	at org.eclipse.e4.ui.workbench.renderers.swt.AbstractContributionItem.handleWidgetSelection(AbstractContributionItem.java:475)
	at org.eclipse.e4.ui.workbench.renderers.swt.AbstractContributionItem.lambda$2(AbstractContributionItem.java:497)
	at org.eclipse.swt.widgets.EventTable.sendEvent(EventTable.java:91)
	at org.eclipse.swt.widgets.Display.sendEvent(Display.java:4338)
	at org.eclipse.swt.widgets.Widget.sendEvent(Widget.java:1214)
	at org.eclipse.swt.widgets.Display.runDeferredEvents(Display.java:4136)
	at org.eclipse.swt.widgets.Display.readAndDispatch(Display.java:3724)
	at org.eclipse.e4.ui.internal.workbench.swt.PartRenderingEngine$5.run(PartRenderingEngine.java:1151)
	at org.eclipse.core.databinding.observable.Realm.runWithDefault(Realm.java:339)
	at org.eclipse.e4.ui.internal.workbench.swt.PartRenderingEngine.run(PartRenderingEngine.java:1042)
	at org.eclipse.e4.ui.internal.workbench.E4Workbench.createAndRunUI(E4Workbench.java:153)
	at org.eclipse.ui.internal.Workbench.lambda$3(Workbench.java:678)
	at org.eclipse.core.databinding.observable.Realm.runWithDefault(Realm.java:339)
	at org.eclipse.ui.internal.Workbench.createAndRunWorkbench(Workbench.java:583)
	at org.eclipse.ui.PlatformUI.createAndRunWorkbench(PlatformUI.java:173)
	at org.jkiss.dbeaver.ui.app.standalone.DBeaverApplication.start(DBeaverApplication.java:313)
	at org.eclipse.equinox.internal.app.EclipseAppHandle.run(EclipseAppHandle.java:219)
	at org.eclipse.core.runtime.internal.adaptor.EclipseAppLauncher.runApplication(EclipseAppLauncher.java:149)
	at org.eclipse.core.runtime.internal.adaptor.EclipseAppLauncher.start(EclipseAppLauncher.java:115)
	at org.eclipse.core.runtime.adaptor.EclipseStarter.run(EclipseStarter.java:467)
	at org.eclipse.core.runtime.adaptor.EclipseStarter.run(EclipseStarter.java:298)
	at java.base/jdk.internal.reflect.DirectMethodHandleAccessor.invoke(Unknown Source)
	at java.base/java.lang.reflect.Method.invoke(Unknown Source)
	at org.jkiss.dbeaver.launcher.DBeaverLauncher.invokeFramework(DBeaverLauncher.java:884)
	at org.jkiss.dbeaver.launcher.DBeaverLauncher.basicRun(DBeaverLauncher.java:661)
	at org.jkiss.dbeaver.launcher.DBeaverLauncher.run(DBeaverLauncher.java:1665)
2025-09-29 18:09:57.154 - Datasource mysql8-1997062c0ac-925bf8f3988f20d not found in project General (/General/Scripts/Script.sql)
2025-09-29 18:09:57.158 - Datasource mysql8-1997062c0ac-925bf8f3988f20d not found in project General (/General/Scripts/Script.sql)
2025-09-29 18:09:57.158 - Datasource mysql8-1997062c0ac-925bf8f3988f20d not found in project General (/General/Scripts/Script.sql)
2025-09-29 18:09:57.158 - Datasource mysql8-1997062c0ac-925bf8f3988f20d not found in project General (/General/Scripts/Script.sql)
2025-09-29 18:09:57.158 - Datasource mysql8-1997062c0ac-925bf8f3988f20d not found in project General (/General/Scripts/Script.sql)
2025-09-29 18:09:57.159 - Datasource mysql8-1997062c0ac-925bf8f3988f20d not found in project General (/General/Scripts/Script.sql)
2025-09-29 18:09:57.159 - Datasource mysql8-1997062c0ac-925bf8f3988f20d not found in project General (/General/Scripts/Script.sql)
2025-09-29 18:09:57.243 - Datasource mysql8-1997062c0ac-925bf8f3988f20d not found in project General (/General/Scripts/Script.sql)
2025-09-29 18:09:57.259 - Datasource mysql8-1997062c0ac-925bf8f3988f20d not found in project General (/General/Scripts/Script.sql)
2025-09-29 18:09:57.269 - Datasource mysql8-1997062c0ac-925bf8f3988f20d not found in project General (/General/Scripts/Script.sql)
2025-09-29 18:09:57.269 - Datasource mysql8-1997062c0ac-925bf8f3988f20d not found in project General (/General/Scripts/Script.sql)
2025-09-29 18:09:57.273 - Datasource mysql8-1997062c0ac-925bf8f3988f20d not found in project General (/General/Scripts/Script.sql)
2025-09-29 18:09:57.273 - Datasource mysql8-1997062c0ac-925bf8f3988f20d not found in project General (/General/Scripts/Script.sql)
2025-09-29 18:09:59.249 - Datasource mysql8-1997062c0ac-925bf8f3988f20d not found in project General (/General/Scripts/Script.sql)
2025-09-29 18:10:05.523 - Datasource mysql8-1997062c0ac-925bf8f3988f20d not found in project General (/General/Scripts/Script.sql)
2025-09-29 18:10:05.602 - Datasource mysql8-1997062c0ac-925bf8f3988f20d not found in project General (/General/Scripts/Script-0.sql)
2025-09-29 18:10:05.616 - Datasource mysql8-1997062c0ac-925bf8f3988f20d not found in project General (/General/Scripts/Script-0.sql)
2025-09-29 18:10:05.617 - Datasource mysql8-1997062c0ac-925bf8f3988f20d not found in project General (/General/Scripts/Script-0.sql)
2025-09-29 18:12:56.928 - Cannot find table 'buy' in 'testdb'
2025-09-29 18:12:56.928 - Cannot find table 'product' in 'testdb'
2025-09-29 18:12:57.156 - PK (2) or FK (1) table(s) not found for relation buy_ibfk_2
2025-09-29 18:12:57.156 - PK (3) or FK (1) table(s) not found for relation buy_ibfk_1
2025-09-29 18:19:47.168 - Execution context closed (localhost, 4)
2025-09-29 18:19:47.223 - Execution context closed (localhost, 15)
2025-09-29 18:19:47.308 - Execution context closed (localhost, 16)
2025-09-29 18:19:47.537 - Dispose navigator model
2025-09-29 18:19:47.573 - DBeaver is stopping
2025-09-29 18:19:47.574 - Stop instance server
2025-09-29 18:19:48.578 - Instance server has been stopped
2025-09-29 18:19:48.579 - DBeaver shutdown completed
