2025-10-13 15:39:42.480 - DBeaver 25.2.1.202509211659 is starting
2025-10-13 15:39:42.482 - OS: Windows 10 10.0 (amd64)
2025-10-13 15:39:42.483 - Java version: 21.0.8 by Eclipse Adoptium (64bit)
2025-10-13 15:39:42.483 - Install path: 'C:\Users\C403\AppData\Local\DBeaver'
2025-10-13 15:39:42.483 - Instance path: 'file:/C:/Users/C403/AppData/Roaming/DBeaverData/workspace6/'
2025-10-13 15:39:42.486 - Memory available 64Mb/1024Mb
2025-10-13 15:39:42.499 - Create display
2025-10-13 15:39:42.637 - Initialize desktop platform...
2025-10-13 15:39:42.859 - BounceCastle bundle found. Use JCE provider BC
> Start Core File Systems [org.eclipse.core.filesystem 1.11.200.v20250513-1234]
> Start Core Resource Management [org.eclipse.core.resources 3.22.200.v20250513-1234]
> Start Team Support Core [org.eclipse.team.core 3.10.700.v20250313-0656]
> Start DBeaver UI Navigator [org.jkiss.dbeaver.ui.navigator 1.0.163.202509211659]
2025-10-13 15:39:43.120 - Initialize base platform...
2025-10-13 15:39:43.155 - send collected statistics
2025-10-13 15:39:43.167 - Platform initialized (530ms)
2025-10-13 15:39:43.364 - Starting instance server at http://localhost:52250
2025-10-13 15:39:43.373 - Run workbench
> Start Eclipse e4 Workbench SWT [org.eclipse.e4.ui.workbench.swt 0.17.800.v20250422-1254]
> Start Eclipse Application Services [org.eclipse.e4.core.services 2.5.200.v20250326-1945]
> Start Eclipse UI Application Services [org.eclipse.e4.ui.services 1.6.500.v20250123-0754]
> Start Eclipse e4 Progress View [org.eclipse.e4.ui.progress 0.4.800.v20250422-1254]
> Start Eclipse Bindings Support [org.eclipse.e4.ui.bindings 0.14.600.v20250331-1050]
> Start Eclipse e4 core commands [org.eclipse.e4.core.commands 1.1.600.v20250307-1331]
> Start EMF XML/XMI Persistence [org.eclipse.emf.ecore.xmi 2.39.0.v20250414-1351]
> Start Eclipse CSS SWT Theme Support [org.eclipse.e4.ui.css.swt.theme 0.14.500.v20250213-1508]
> Start Eclipse e4 Workbench Add-ons [org.eclipse.e4.ui.workbench.addons.swt 1.5.700.v20250422-1254]
> Start Eclipse e4 Workbench SWT Renderer [org.eclipse.e4.ui.workbench.renderers.swt 0.16.800.v20250519-1609]
> Start Eclipse Dependency Injection Extensions [org.eclipse.e4.core.di.extensions 0.18.300.v20240413-1529]
> Start DBeaver AI Model [org.jkiss.dbeaver.model.ai 2.0.6.202509211659]
> Start DBeaver AI UI [org.jkiss.dbeaver.ui.ai 1.0.65.202509211659]
> Start Eclipse CSS SWT Support [org.eclipse.e4.ui.css.swt 0.15.600.v20250409-1135]
> Start Default Text Editor [org.eclipse.ui.editors 3.20.0.v20250514-1719]
> Start Text Editor Framework [org.eclipse.ui.workbench.texteditor 3.19.200.v20250514-1719]
2025-10-13 15:39:45.743 - Configure workbench window
> Start DBeaver SQL Model [org.jkiss.dbeaver.model.sql 1.0.153.202509211659]
2025-10-13 15:39:45.985 - Total database drivers: 128 (128)
> Start Help System Core [org.eclipse.help 3.10.500.v20250423-1201]
2025-10-13 15:39:46.086 - Create actions
2025-10-13 15:39:46.098 - Disable Eclipse action set 'org.eclipse.ui.edit.text.actionSet.annotationNavigation'
2025-10-13 15:39:46.099 - Disable Eclipse action set 'org.eclipse.ui.WorkingSetActionSet'
2025-10-13 15:39:46.099 - Disable Eclipse action set 'org.eclipse.ui.actionSet.openFiles'
2025-10-13 15:39:46.100 - Create workbench actions
2025-10-13 15:39:46.863 - Initialize workbench window
2025-10-13 15:39:46.870 - Finish initialization
> Start DBeaver UI Editors - Data [org.jkiss.dbeaver.ui.editors.data 1.0.163.202509211659]
> Start DBeaver UI Editors - SQL [org.jkiss.dbeaver.ui.editors.sql 1.0.163.202509211659]
> Start DBeaver SQL Terminal [org.jkiss.dbeaver.ui.editors.sql.terminal 1.0.139.202509211659]
> Start Equinox Java Authentication and Authorization Service (JAAS) [org.eclipse.equinox.security 1.4.600.v20250521-0413]
> Start Internet Connection Management UI [org.eclipse.ui.net 1.5.400.v20240413-1529]
> Start Internet Connection Management [org.eclipse.core.net 1.5.700.v20250313-0656]
> Start DBeaver Sample Database [org.jkiss.dbeaver.ui.config.sample 1.0.200.202509211659]
2025-10-13 15:39:49.406 - Open [https://dbeaver.io/product/version.xml]
> Start DBeaver Dashboard UI [org.jkiss.dbeaver.ui.dashboard 1.0.160.202509211659]
> Start GEF Classic Draw2d [org.eclipse.draw2d 3.20.0.202505280821]
> Start GEF Classic GEF (MVC) [org.eclipse.gef 3.22.0.202505280821]
> Start DBeaver ERD UI [org.jkiss.dbeaver.ui.editors.erd 3.1.4.202509211659]
> Start DBeaver ERD Model [org.jkiss.dbeaver.model.erd 1.1.4.202509211659]
> Start DBeaver JDBC Model [org.jkiss.dbeaver.model.jdbc 1.0.56.202509211659]
> Start DBeaver MySQL Support [org.jkiss.dbeaver.ext.mysql 2.1.248.202509211659]
> Start Console [org.eclipse.ui.console 3.14.300.v20250509-1251]
> Start Debug Core [org.eclipse.debug.core 3.23.0.v20250509-1924]
> Start DBeaver SQL Language Semantic Model [org.jkiss.dbeaver.model.lsm 1.0.58.202509211659]
> Start DBeaver Tasks - Native Tools UI [org.jkiss.dbeaver.tasks.native.ui 1.0.141.202509211659]
> Start DBeaver MySQL UI Support [org.jkiss.dbeaver.ext.mysql.ui 1.0.155.202509211659]
> Start DBeaver Tasks - General UI [org.jkiss.dbeaver.tasks.ui 1.0.141.202509211659]
2025-10-13 15:39:51.481 - Connect with 'localhost' (mysql8-19970a88e0f-22c2222a201f7f16)
2025-10-13 15:39:51.633 - Execution context opened (localhost; Main; 0)
> Start DBeaver GIS Support [org.jkiss.dbeaver.data.gis 1.0.187.202509211659]
2025-10-13 15:39:52.589 - Execution context opened (localhost; Metadata; 1)
2025-10-13 15:39:52.807 - Connected (mysql8-19970a88e0f-22c2222a201f7f16, MySQL Connector/J [mysql-connector-j-8.2.0 (Revision: 06a1f724497fd81c6a659131fda822c9e5085b6c)])
2025-10-13 15:39:52.907 - Execution context opened (localhost; SQLEditor <Script-10.sql>; 2)
2025-10-13 15:39:55.158 - Downloading installation file to C:\Users\C403\AppData\Local\Temp\dbeaver-ce-latest-x86_64-setup.exe6256381931713692562\dbeaver-ce-latest-x86_64-setup.exe
2025-10-13 15:39:55.159 - Open [https://dbeaver.io/files/dbeaver-ce-latest-x86_64-setup.exe]
2025-10-13 15:40:05.441 - Can't get column 'password': Column 'password' not found.
2025-10-13 15:40:11.030 - Execution context closed (localhost, 2)
2025-10-13 15:40:11.437 - Dispose navigator model
2025-10-13 15:40:11.541 - DBeaver is stopping
2025-10-13 15:40:11.544 - Stop instance server
2025-10-13 15:40:12.550 - Instance server has been stopped
2025-10-13 15:40:12.550 - DBeaver shutdown completed
