2025-10-29 12:44:32.044 - DBeaver 25.2.2.202510052342 is starting
2025-10-29 12:44:32.046 - OS: Windows 10 10.0 (amd64)
2025-10-29 12:44:32.046 - Java version: 21.0.8 by Eclipse Adoptium (64bit)
2025-10-29 12:44:32.047 - Install path: 'C:\Users\C403\AppData\Local\DBeaver'
2025-10-29 12:44:32.047 - Instance path: 'file:/C:/Users/C403/AppData/Roaming/DBeaverData/workspace6/'
2025-10-29 12:44:32.049 - Memory available 64Mb/1024Mb
2025-10-29 12:44:32.063 - Create display
2025-10-29 12:44:32.214 - Initialize desktop platform...
2025-10-29 12:44:32.446 - BounceCastle bundle found. Use JCE provider BC
> Start Core File Systems [org.eclipse.core.filesystem 1.11.300.v20250607-0645]
> Start Core Resource Management [org.eclipse.core.resources 3.23.0.v20250729-1759]
> Start Team Support Core [org.eclipse.team.core 3.10.800.v20250610-0708]
> Start DBeaver UI Navigator [org.jkiss.dbeaver.ui.navigator 1.0.164.202510052342]
2025-10-29 12:44:32.726 - Initialize base platform...
2025-10-29 12:44:32.764 - send collected statistics
2025-10-29 12:44:32.776 - Platform initialized (562ms)
2025-10-29 12:44:32.978 - Starting instance server at http://localhost:58668
2025-10-29 12:44:32.988 - Run workbench
> Start Eclipse e4 Workbench SWT [org.eclipse.e4.ui.workbench.swt 0.17.900.v20250612-1000]
> Start Eclipse Application Services [org.eclipse.e4.core.services 2.5.200.v20250326-1945]
> Start Eclipse UI Application Services [org.eclipse.e4.ui.services 1.6.500.v20250123-0754]
> Start Eclipse e4 Progress View [org.eclipse.e4.ui.progress 0.4.800.v20250422-1254]
> Start Eclipse Bindings Support [org.eclipse.e4.ui.bindings 0.14.700.v20250612-1000]
> Start Eclipse e4 core commands [org.eclipse.e4.core.commands 1.1.600.v20250307-1331]
> Start EMF XML/XMI Persistence [org.eclipse.emf.ecore.xmi 2.39.0.v20250414-1351]
> Start Eclipse CSS SWT Theme Support [org.eclipse.e4.ui.css.swt.theme 0.14.500.v20250213-1508]
> Start Eclipse e4 Workbench Add-ons [org.eclipse.e4.ui.workbench.addons.swt 1.5.800.v20250701-0653]
> Start Eclipse e4 Workbench SWT Renderer [org.eclipse.e4.ui.workbench.renderers.swt 0.16.900.v20250828-1028]
> Start Eclipse Dependency Injection Extensions [org.eclipse.e4.core.di.extensions 0.18.300.v20240413-1529]
> Start DBeaver AI Model [org.jkiss.dbeaver.model.ai 2.0.7.202510052342]
> Start DBeaver AI UI [org.jkiss.dbeaver.ui.ai 1.0.66.202510052342]
> Start Eclipse CSS SWT Support [org.eclipse.e4.ui.css.swt 0.15.600.v20250409-1135]
> Start Default Text Editor [org.eclipse.ui.editors 3.20.100.v20250814-1056]
> Start Text Editor Framework [org.eclipse.ui.workbench.texteditor 3.19.300.v20250815-0722]
2025-10-29 12:44:35.602 - Configure workbench window
> Start DBeaver SQL Model [org.jkiss.dbeaver.model.sql 1.0.154.202510052342]
2025-10-29 12:44:35.935 - Total database drivers: 128 (128)
> Start Help System Core [org.eclipse.help 3.10.600.v20250613-0437]
2025-10-29 12:44:36.050 - Create actions
2025-10-29 12:44:36.068 - Disable Eclipse action set 'org.eclipse.ui.edit.text.actionSet.annotationNavigation'
2025-10-29 12:44:36.068 - Disable Eclipse action set 'org.eclipse.ui.WorkingSetActionSet'
2025-10-29 12:44:36.069 - Disable Eclipse action set 'org.eclipse.ui.actionSet.openFiles'
2025-10-29 12:44:36.069 - Create workbench actions
2025-10-29 12:44:36.924 - Initialize workbench window
2025-10-29 12:44:36.932 - Finish initialization
> Start DBeaver UI Editors - Data [org.jkiss.dbeaver.ui.editors.data 1.0.164.202510052342]
> Start DBeaver UI Editors - SQL [org.jkiss.dbeaver.ui.editors.sql 1.0.164.202510052342]
> Start DBeaver SQL Terminal [org.jkiss.dbeaver.ui.editors.sql.terminal 1.0.140.202510052342]
> Start Equinox Java Authentication and Authorization Service (JAAS) [org.eclipse.equinox.security 1.4.700.v20250622-1644]
> Start Internet Connection Management UI [org.eclipse.ui.net 1.5.500.v20250611-0855]
> Start Internet Connection Management [org.eclipse.core.net 1.5.800.v20250613-1119]
> Start DBeaver Sample Database [org.jkiss.dbeaver.ui.config.sample 1.0.201.202510052342]
2025-10-29 12:44:39.882 - Open [https://dbeaver.io/product/version.xml]
> Start DBeaver Dashboard UI [org.jkiss.dbeaver.ui.dashboard 1.0.161.202510052342]
> Start GEF Classic Draw2d [org.eclipse.draw2d 3.20.100.202508011427]
> Start GEF Classic GEF (MVC) [org.eclipse.gef 3.23.0.202507261623]
> Start DBeaver ERD UI [org.jkiss.dbeaver.ui.editors.erd 3.1.5.202510052342]
> Start DBeaver ERD Model [org.jkiss.dbeaver.model.erd 1.1.5.202510052342]
> Start DBeaver JDBC Model [org.jkiss.dbeaver.model.jdbc 1.0.57.202510052342]
> Start DBeaver MySQL Support [org.jkiss.dbeaver.ext.mysql 2.1.249.202510052342]
> Start Console [org.eclipse.ui.console 3.14.400.v20250607-0653]
> Start Debug Core [org.eclipse.debug.core 3.23.100.v20250811-0711]
> Start DBeaver SQL Language Semantic Model [org.jkiss.dbeaver.model.lsm 1.0.59.202510052342]
> Start DBeaver Tasks - Native Tools UI [org.jkiss.dbeaver.tasks.native.ui 1.0.142.202510052342]
> Start DBeaver MySQL UI Support [org.jkiss.dbeaver.ext.mysql.ui 1.0.156.202510052342]
> Start DBeaver Tasks - General UI [org.jkiss.dbeaver.tasks.ui 1.0.142.202510052342]
2025-10-29 12:44:41.629 - Connect with 'localhost' (mysql8-19970a88e0f-22c2222a201f7f16)
2025-10-29 12:44:41.747 - Execution context opened (localhost; Main; 0)
> Start DBeaver GIS Support [org.jkiss.dbeaver.data.gis 1.0.188.202510052342]
2025-10-29 12:44:42.367 - Execution context opened (localhost; Metadata; 1)
2025-10-29 12:44:42.495 - Connected (mysql8-19970a88e0f-22c2222a201f7f16, MySQL Connector/J [mysql-connector-j-8.2.0 (Revision: 06a1f724497fd81c6a659131fda822c9e5085b6c)])
2025-10-29 12:44:42.665 - Execution context opened (localhost; SQLEditor <Script-13.sql>; 2)
2025-10-29 17:06:57.988 - Execution context closed (localhost, 0)
2025-10-29 17:06:58.006 - Execution context closed (localhost, 1)
2025-10-29 17:06:58.018 - Execution context closed (localhost, 2)
2025-10-29 17:06:58.019 - Disconnected (mysql8-19970a88e0f-22c2222a201f7f16)
2025-10-29 17:25:50.679 - Dispose navigator model
2025-10-29 17:25:50.740 - DBeaver is stopping
2025-10-29 17:25:50.742 - Stop instance server
2025-10-29 17:25:51.745 - Instance server has been stopped
2025-10-29 17:25:51.745 - DBeaver shutdown completed
