2025-10-28 16:00:57.357 - DBeaver 25.2.2.202510052342 is starting
2025-10-28 16:00:57.359 - OS: Windows 10 10.0 (amd64)
2025-10-28 16:00:57.360 - Java version: 21.0.8 by Eclipse Adoptium (64bit)
2025-10-28 16:00:57.360 - Install path: 'C:\Users\C403\AppData\Local\DBeaver'
2025-10-28 16:00:57.360 - Instance path: 'file:/C:/Users/C403/AppData/Roaming/DBeaverData/workspace6/'
2025-10-28 16:00:57.362 - Memory available 64Mb/1024Mb
2025-10-28 16:00:57.375 - Create display
2025-10-28 16:00:57.519 - Initialize desktop platform...
2025-10-28 16:00:57.731 - BounceCastle bundle found. Use JCE provider BC
> Start Core File Systems [org.eclipse.core.filesystem 1.11.300.v20250607-0645]
> Start Core Resource Management [org.eclipse.core.resources 3.23.0.v20250729-1759]
> Start Team Support Core [org.eclipse.team.core 3.10.800.v20250610-0708]
> Start DBeaver UI Navigator [org.jkiss.dbeaver.ui.navigator 1.0.164.202510052342]
2025-10-28 16:00:57.984 - Initialize base platform...
2025-10-28 16:00:58.020 - send collected statistics
2025-10-28 16:00:58.031 - Platform initialized (512ms)
2025-10-28 16:00:58.216 - Starting instance server at http://localhost:61286
2025-10-28 16:00:58.229 - Run workbench
> Start Eclipse e4 Workbench SWT [org.eclipse.e4.ui.workbench.swt 0.17.900.v20250612-1000]
> Start Eclipse Application Services [org.eclipse.e4.core.services 2.5.200.v20250326-1945]
> Start Eclipse UI Application Services [org.eclipse.e4.ui.services 1.6.500.v20250123-0754]
> Start Eclipse e4 Progress View [org.eclipse.e4.ui.progress 0.4.800.v20250422-1254]
> Start Eclipse Bindings Support [org.eclipse.e4.ui.bindings 0.14.700.v20250612-1000]
> Start Eclipse e4 core commands [org.eclipse.e4.core.commands 1.1.600.v20250307-1331]
> Start EMF XML/XMI Persistence [org.eclipse.emf.ecore.xmi 2.39.0.v20250414-1351]
> Start Eclipse CSS SWT Theme Support [org.eclipse.e4.ui.css.swt.theme 0.14.500.v20250213-1508]
> Start Eclipse e4 Workbench Add-ons [org.eclipse.e4.ui.workbench.addons.swt 1.5.800.v20250701-0653]
> Start Eclipse e4 Workbench SWT Renderer [org.eclipse.e4.ui.workbench.renderers.swt 0.16.900.v20250828-1028]
> Start Eclipse Dependency Injection Extensions [org.eclipse.e4.core.di.extensions 0.18.300.v20240413-1529]
> Start DBeaver AI Model [org.jkiss.dbeaver.model.ai 2.0.7.202510052342]
> Start DBeaver AI UI [org.jkiss.dbeaver.ui.ai 1.0.66.202510052342]
> Start Eclipse CSS SWT Support [org.eclipse.e4.ui.css.swt 0.15.600.v20250409-1135]
> Start Default Text Editor [org.eclipse.ui.editors 3.20.100.v20250814-1056]
> Start Text Editor Framework [org.eclipse.ui.workbench.texteditor 3.19.300.v20250815-0722]
2025-10-28 16:01:00.557 - Configure workbench window
> Start DBeaver SQL Model [org.jkiss.dbeaver.model.sql 1.0.154.202510052342]
2025-10-28 16:01:00.775 - Total database drivers: 128 (128)
> Start Help System Core [org.eclipse.help 3.10.600.v20250613-0437]
2025-10-28 16:01:00.895 - Create actions
2025-10-28 16:01:00.907 - Disable Eclipse action set 'org.eclipse.ui.edit.text.actionSet.annotationNavigation'
2025-10-28 16:01:00.908 - Disable Eclipse action set 'org.eclipse.ui.WorkingSetActionSet'
2025-10-28 16:01:00.908 - Disable Eclipse action set 'org.eclipse.ui.actionSet.openFiles'
2025-10-28 16:01:00.908 - Create workbench actions
2025-10-28 16:01:01.661 - Initialize workbench window
2025-10-28 16:01:01.669 - Finish initialization
> Start DBeaver UI Editors - Data [org.jkiss.dbeaver.ui.editors.data 1.0.164.202510052342]
> Start DBeaver UI Editors - SQL [org.jkiss.dbeaver.ui.editors.sql 1.0.164.202510052342]
> Start DBeaver SQL Terminal [org.jkiss.dbeaver.ui.editors.sql.terminal 1.0.140.202510052342]
> Start Equinox Java Authentication and Authorization Service (JAAS) [org.eclipse.equinox.security 1.4.700.v20250622-1644]
> Start Internet Connection Management UI [org.eclipse.ui.net 1.5.500.v20250611-0855]
> Start Internet Connection Management [org.eclipse.core.net 1.5.800.v20250613-1119]
> Start DBeaver Sample Database [org.jkiss.dbeaver.ui.config.sample 1.0.201.202510052342]
2025-10-28 16:01:04.118 - Open [https://dbeaver.io/product/version.xml]
> Start DBeaver Dashboard UI [org.jkiss.dbeaver.ui.dashboard 1.0.161.202510052342]
> Start GEF Classic Draw2d [org.eclipse.draw2d 3.20.100.202508011427]
> Start GEF Classic GEF (MVC) [org.eclipse.gef 3.23.0.202507261623]
> Start DBeaver ERD UI [org.jkiss.dbeaver.ui.editors.erd 3.1.5.202510052342]
> Start DBeaver ERD Model [org.jkiss.dbeaver.model.erd 1.1.5.202510052342]
> Start DBeaver JDBC Model [org.jkiss.dbeaver.model.jdbc 1.0.57.202510052342]
> Start DBeaver MySQL Support [org.jkiss.dbeaver.ext.mysql 2.1.249.202510052342]
> Start Console [org.eclipse.ui.console 3.14.400.v20250607-0653]
> Start Debug Core [org.eclipse.debug.core 3.23.100.v20250811-0711]
> Start DBeaver SQL Language Semantic Model [org.jkiss.dbeaver.model.lsm 1.0.59.202510052342]
> Start DBeaver Tasks - Native Tools UI [org.jkiss.dbeaver.tasks.native.ui 1.0.142.202510052342]
> Start DBeaver MySQL UI Support [org.jkiss.dbeaver.ext.mysql.ui 1.0.156.202510052342]
> Start DBeaver Tasks - General UI [org.jkiss.dbeaver.tasks.ui 1.0.142.202510052342]
2025-10-28 16:01:05.853 - Connect with 'localhost' (mysql8-19970a88e0f-22c2222a201f7f16)
2025-10-28 16:01:05.972 - Execution context opened (localhost; Main; 0)
> Start DBeaver GIS Support [org.jkiss.dbeaver.data.gis 1.0.188.202510052342]
2025-10-28 16:01:06.551 - Execution context opened (localhost; Metadata; 1)
2025-10-28 16:01:06.668 - Connected (mysql8-19970a88e0f-22c2222a201f7f16, MySQL Connector/J [mysql-connector-j-8.2.0 (Revision: 06a1f724497fd81c6a659131fda822c9e5085b6c)])
2025-10-28 16:01:06.715 - Execution context opened (localhost; SQLEditor <Script-11.sql>; 2)
2025-10-28 17:42:22.100 - Can't get column 'password': Column 'password' not found.
2025-10-28 18:04:02.591 - Execution context closed (localhost, 2)
2025-10-28 18:04:11.824 - Datasource mysql8-1997062c0ac-925bf8f3988f20d not found in project General (/General/Scripts/Script.sql)
2025-10-28 18:04:25.064 - Datasource mysql8-1997062c0ac-925bf8f3988f20d not found in project General (/General/Scripts/Script.sql)
2025-10-28 18:04:25.067 - Datasource mysql8-1997062c0ac-925bf8f3988f20d not found in project General (/General/Scripts/Script.sql)
2025-10-28 18:04:28.013 - Datasource mysql8-1997062c0ac-925bf8f3988f20d not found in project General (/General/Scripts/Script.sql)
2025-10-28 18:04:28.027 - Datasource mysql8-1997062c0ac-925bf8f3988f20d not found in project General (/General/Scripts/Script.sql)
2025-10-28 18:05:15.038 - Datasource mysql8-1997062c0ac-925bf8f3988f20d not found in project General (/General/Scripts/Script.sql)
2025-10-28 18:05:15.045 - Datasource mysql8-1997062c0ac-925bf8f3988f20d not found in project General (/General/Scripts/Script.sql)
2025-10-28 18:05:15.052 - Datasource mysql8-1997062c0ac-925bf8f3988f20d not found in project General (/General/Scripts/Script.sql)
2025-10-28 18:05:15.060 - Datasource mysql8-1997062c0ac-925bf8f3988f20d not found in project General (/General/Scripts/Script.sql)
2025-10-28 18:05:16.086 - Datasource mysql8-1997062c0ac-925bf8f3988f20d not found in project General (/General/Scripts/Script.sql)
2025-10-28 18:05:16.099 - Datasource mysql8-1997062c0ac-925bf8f3988f20d not found in project General (/General/Scripts/Script.sql)
2025-10-28 18:05:16.668 - Datasource mysql8-1997062c0ac-925bf8f3988f20d not found in project General (/General/Scripts/Script.sql)
2025-10-28 18:05:16.679 - Datasource mysql8-1997062c0ac-925bf8f3988f20d not found in project General (/General/Scripts/Script.sql)
2025-10-28 18:05:41.378 - No active connection
2025-10-28 18:05:52.810 - No active connection
2025-10-28 18:06:00.229 - No active connection
2025-10-28 18:06:23.124 - No active connection
2025-10-28 18:06:27.887 - Datasource mysql8-1997062c0ac-925bf8f3988f20d not found in project General (/General/Scripts/Script.sql)
2025-10-28 18:06:54.605 - Execution context opened (localhost; SQLEditor <Script-11.sql>; 3)
2025-10-28 18:06:55.930 - Datasource mysql8-1997062c0ac-925bf8f3988f20d not found in project General (/General/Scripts/Script.sql)
2025-10-28 18:06:55.968 - Datasource mysql8-1997062c0ac-925bf8f3988f20d not found in project General (/General/Scripts/Script.sql)
2025-10-28 18:07:04.808 - Datasource mysql8-1997062c0ac-925bf8f3988f20d not found in project General (/General/Scripts/Script.sql)
2025-10-28 18:07:07.406 - Execution context opened (localhost; SQLEditor <Script-13.sql>; 4)
2025-10-28 18:07:07.472 - Datasource mysql8-1997062c0ac-925bf8f3988f20d not found in project General (/General/Scripts/Script.sql)
2025-10-28 18:07:07.476 - Datasource mysql8-1997062c0ac-925bf8f3988f20d not found in project General (/General/Scripts/Script.sql)
2025-10-28 18:07:26.896 - Datasource mysql8-1997062c0ac-925bf8f3988f20d not found in project General (/General/Scripts/Script.sql)
2025-10-28 18:07:26.908 - Datasource mysql8-1997062c0ac-925bf8f3988f20d not found in project General (/General/Scripts/Script.sql)
2025-10-28 18:07:26.921 - Datasource mysql8-1997062c0ac-925bf8f3988f20d not found in project General (/General/Scripts/Script.sql)
2025-10-28 18:07:26.931 - Datasource mysql8-1997062c0ac-925bf8f3988f20d not found in project General (/General/Scripts/Script.sql)
2025-10-28 18:07:26.941 - Datasource mysql8-1997062c0ac-925bf8f3988f20d not found in project General (/General/Scripts/Script.sql)
2025-10-28 18:07:26.950 - Datasource mysql8-1997062c0ac-925bf8f3988f20d not found in project General (/General/Scripts/Script.sql)
> Start DBeaver Data Transfer [org.jkiss.dbeaver.data.transfer 2.0.148.202510052342]
2025-10-28 18:07:44.336 - Datasource mysql8-1997062c0ac-925bf8f3988f20d not found in project General (/General/Scripts/Script.sql)
2025-10-28 18:07:44.349 - Datasource mysql8-1997062c0ac-925bf8f3988f20d not found in project General (/General/Scripts/Script.sql)
2025-10-28 18:07:44.359 - Datasource mysql8-1997062c0ac-925bf8f3988f20d not found in project General (/General/Scripts/Script.sql)
2025-10-28 18:07:44.369 - Datasource mysql8-1997062c0ac-925bf8f3988f20d not found in project General (/General/Scripts/Script.sql)
2025-10-28 18:07:59.828 - Datasource mysql8-1997062c0ac-925bf8f3988f20d not found in project General (/General/Scripts/Script.sql)
2025-10-28 18:07:59.840 - Datasource mysql8-1997062c0ac-925bf8f3988f20d not found in project General (/General/Scripts/Script.sql)
2025-10-28 18:07:59.850 - Datasource mysql8-1997062c0ac-925bf8f3988f20d not found in project General (/General/Scripts/Script.sql)
2025-10-28 18:07:59.859 - Datasource mysql8-1997062c0ac-925bf8f3988f20d not found in project General (/General/Scripts/Script.sql)
2025-10-28 18:08:00.429 - Datasource mysql8-1997062c0ac-925bf8f3988f20d not found in project General (/General/Scripts/Script.sql)
2025-10-28 18:08:00.456 - Datasource mysql8-1997062c0ac-925bf8f3988f20d not found in project General (/General/Scripts/Script.sql)
2025-10-28 18:08:00.475 - Datasource mysql8-1997062c0ac-925bf8f3988f20d not found in project General (/General/Scripts/Script.sql)
2025-10-28 18:08:00.488 - Datasource mysql8-1997062c0ac-925bf8f3988f20d not found in project General (/General/Scripts/Script.sql)
2025-10-28 18:17:39.147 - Execution context closed (localhost, 3)
2025-10-28 18:17:39.237 - Execution context closed (localhost, 4)
2025-10-28 18:17:39.559 - Dispose navigator model
2025-10-28 18:17:39.593 - DBeaver is stopping
2025-10-28 18:17:39.604 - Stop instance server
2025-10-28 18:17:40.608 - DBeaver shutdown completed
