4197:APP_OPEN:startTime=1761802583213
9557:GENERAL_SHOW_PERSPECTIVE:perspective=org.jkiss.dbeaver.core.perspective
9557:GENERAL_VIEW_OPEN:view=org.jkiss.dbeaver.core.databaseNavigator
9557:GENERAL_VIEW_OPEN:view=org.jkiss.dbeaver.core.projectExplorer
10277:SQL_EDITOR_OPEN:driver=mysql:mysql8
11188:CONNECTION_OPEN:driver=mysql:mysql8&origin=local
2493827:CONNECTION_CREATE:driver=postgresql:postgres-jdbc
2513762:CONNECTION_OPEN:driver=postgresql:postgres-jdbc&origin=local
2578110:CONNECTION_EDIT:driver=postgresql:postgres-jdbc
2648199:CONNECTION_OPEN:driver=postgresql:postgres-jdbc&origin=local
2745798:ENTITY_EDITOR_OPEN:driver=postgresql:postgres-jdbc&className=PostgreTableRegular
2787844:CONNECTION_EDIT:driver=postgresql:postgres-jdbc
2863982:DATA_EDIT_OPEN:objectType=PostgreTableRegular
3751647:SQL_EDITOR_OPEN:driver=postgresql:postgres-jdbc
3768115:SQL_EDITOR_OPEN:driver=
3772587:SQL_EDITOR_OPEN:driver=mysql:mysql8
3815318:SQL_EDITOR_OPEN:driver=postgresql:postgres-jdbc
3844650:SQL_EDITOR_OPEN:driver=postgresql:postgres-jdbc
3850536:SQL_EDITOR_EXECUTE_QUERY
3851200:SQL_EDITOR_EXECUTE_QUERY
3869587:SQL_EDITOR_OPEN:driver=postgresql:postgres-jdbc
5016778:SQL_EDITOR_EXECUTE_QUERY
