3568:APP_OPEN:startTime=1761030414279
9047:GENERAL_SHOW_PERSPECTIVE:perspective=org.jkiss.dbeaver.core.perspective
9047:GENERAL_VIEW_OPEN:view=org.jkiss.dbeaver.core.databaseNavigator
9047:GENERAL_VIEW_OPEN:view=org.jkiss.dbeaver.core.projectExplorer
9047:GENERAL_VIEW_OPEN:view=org.eclipse.ui.views.PropertySheet
10029:SQL_EDITOR_OPEN:driver=mysql:mysql8
11232:CONNECTION_OPEN:driver=mysql:mysql8&origin=local
170747:SQL_EDITOR_OPEN:driver=mysql:mysql8
222386:ENTITY_EDITOR_OPEN:driver=mysql:mysql8&className=MySQLCatalog
235618:SQL_SCRIPT_NEW
236364:SQL_EDITOR_OPEN:driver=mysql:mysql8
267657:SQL_EDITOR_EXECUTE_QUERY
308947:SQL_EDITOR_EXECUTE_QUERY
315395:SQL_EDITOR_EXECUTE_QUERY
342152:ENTITY_EDITOR_OPEN:driver=mysql:mysql8&className=MySQLCatalog
360113:SQL_EDITOR_EXECUTE_QUERY
388307:SQL_SCRIPT_NEW
388931:SQL_EDITOR_OPEN:driver=mysql:mysql8
395801:SQL_EDITOR_EXECUTE_QUERY
404820:SQL_EDITOR_EXECUTE_QUERY
419940:SQL_EDITOR_EXECUTE_QUERY
421428:SQL_EDITOR_EXECUTE_QUERY
428120:SQL_SCRIPT_NEW
428711:SQL_EDITOR_OPEN:driver=mysql:mysql8
510119:SQL_SCRIPT_NEW
510705:SQL_EDITOR_OPEN:driver=mysql:mysql8
517354:ENTITY_EDITOR_OPEN:driver=mysql:mysql8&className=MySQLCatalog
993921:ENTITY_EDITOR_OPEN:driver=mysql:mysql8&className=MySQLTable
